{"/workspaces/Boop/src/app.jsx": {"path":"/workspaces/Boop/src/app.jsx","all":false,"statementMap":{"0":{"start":{"line":1,"column":0},"end":{"line":1,"column":53}},"1":{"start":{"line":2,"column":0},"end":{"line":2,"column":51}},"2":{"start":{"line":3,"column":0},"end":{"line":3,"column":19}},"4":{"start":{"line":5,"column":0},"end":{"line":5,"column":23}},"5":{"start":{"line":6,"column":0},"end":{"line":6,"column":64}},"6":{"start":{"line":7,"column":0},"end":{"line":7,"column":59}},"7":{"start":{"line":8,"column":0},"end":{"line":8,"column":57}},"9":{"start":{"line":10,"column":0},"end":{"line":10,"column":67}},"12":{"start":{"line":13,"column":0},"end":{"line":13,"column":36}},"13":{"start":{"line":14,"column":0},"end":{"line":14,"column":22}},"14":{"start":{"line":15,"column":0},"end":{"line":15,"column":57}},"15":{"start":{"line":16,"column":0},"end":{"line":16,"column":51}},"16":{"start":{"line":17,"column":0},"end":{"line":17,"column":18}},"17":{"start":{"line":18,"column":0},"end":{"line":18,"column":4}},"19":{"start":{"line":20,"column":0},"end":{"line":20,"column":47}},"22":{"start":{"line":23,"column":0},"end":{"line":23,"column":32}},"23":{"start":{"line":24,"column":0},"end":{"line":24,"column":70}},"26":{"start":{"line":27,"column":0},"end":{"line":27,"column":56}},"27":{"start":{"line":28,"column":0},"end":{"line":28,"column":32}},"28":{"start":{"line":29,"column":0},"end":{"line":29,"column":9}},"29":{"start":{"line":30,"column":0},"end":{"line":30,"column":57}},"30":{"start":{"line":31,"column":0},"end":{"line":31,"column":31}},"31":{"start":{"line":32,"column":0},"end":{"line":32,"column":42}},"32":{"start":{"line":33,"column":0},"end":{"line":33,"column":9}},"33":{"start":{"line":34,"column":0},"end":{"line":34,"column":40}},"34":{"start":{"line":35,"column":0},"end":{"line":35,"column":38}},"35":{"start":{"line":36,"column":0},"end":{"line":36,"column":24}},"36":{"start":{"line":37,"column":0},"end":{"line":37,"column":4}},"37":{"start":{"line":38,"column":0},"end":{"line":38,"column":37}},"38":{"start":{"line":39,"column":0},"end":{"line":39,"column":35}},"39":{"start":{"line":40,"column":0},"end":{"line":40,"column":24}},"40":{"start":{"line":41,"column":0},"end":{"line":41,"column":4}},"41":{"start":{"line":42,"column":0},"end":{"line":42,"column":44}},"42":{"start":{"line":43,"column":0},"end":{"line":43,"column":40}},"43":{"start":{"line":44,"column":0},"end":{"line":44,"column":22}},"44":{"start":{"line":45,"column":0},"end":{"line":45,"column":4}},"45":{"start":{"line":46,"column":0},"end":{"line":46,"column":41}},"46":{"start":{"line":47,"column":0},"end":{"line":47,"column":37}},"47":{"start":{"line":48,"column":0},"end":{"line":48,"column":22}},"48":{"start":{"line":49,"column":0},"end":{"line":49,"column":4}},"51":{"start":{"line":52,"column":0},"end":{"line":52,"column":42}},"52":{"start":{"line":53,"column":0},"end":{"line":53,"column":19}},"53":{"start":{"line":54,"column":0},"end":{"line":54,"column":69}},"54":{"start":{"line":55,"column":0},"end":{"line":55,"column":15}},"55":{"start":{"line":56,"column":0},"end":{"line":56,"column":7}},"56":{"start":{"line":57,"column":0},"end":{"line":57,"column":50}},"57":{"start":{"line":58,"column":0},"end":{"line":58,"column":26}},"58":{"start":{"line":59,"column":0},"end":{"line":59,"column":15}},"59":{"start":{"line":60,"column":0},"end":{"line":60,"column":7}},"60":{"start":{"line":61,"column":0},"end":{"line":61,"column":67}},"61":{"start":{"line":62,"column":0},"end":{"line":62,"column":29}},"62":{"start":{"line":63,"column":0},"end":{"line":63,"column":39}},"63":{"start":{"line":64,"column":0},"end":{"line":64,"column":31}},"64":{"start":{"line":65,"column":0},"end":{"line":65,"column":7}},"65":{"start":{"line":66,"column":0},"end":{"line":66,"column":6}},"66":{"start":{"line":67,"column":0},"end":{"line":67,"column":64}},"67":{"start":{"line":68,"column":0},"end":{"line":68,"column":4}},"68":{"start":{"line":69,"column":0},"end":{"line":69,"column":37}},"69":{"start":{"line":70,"column":0},"end":{"line":70,"column":22}},"70":{"start":{"line":71,"column":0},"end":{"line":71,"column":25}},"71":{"start":{"line":72,"column":0},"end":{"line":72,"column":10}},"72":{"start":{"line":73,"column":0},"end":{"line":73,"column":29}},"73":{"start":{"line":74,"column":0},"end":{"line":74,"column":45}},"74":{"start":{"line":75,"column":0},"end":{"line":75,"column":21}},"75":{"start":{"line":76,"column":0},"end":{"line":76,"column":9}},"76":{"start":{"line":77,"column":0},"end":{"line":77,"column":30}},"77":{"start":{"line":78,"column":0},"end":{"line":78,"column":15}},"78":{"start":{"line":79,"column":0},"end":{"line":79,"column":7}},"79":{"start":{"line":80,"column":0},"end":{"line":80,"column":67}},"80":{"start":{"line":81,"column":0},"end":{"line":81,"column":29}},"81":{"start":{"line":82,"column":0},"end":{"line":82,"column":28}},"82":{"start":{"line":83,"column":0},"end":{"line":83,"column":6}},"83":{"start":{"line":84,"column":0},"end":{"line":84,"column":30}},"84":{"start":{"line":85,"column":0},"end":{"line":85,"column":4}},"85":{"start":{"line":86,"column":0},"end":{"line":86,"column":49}},"86":{"start":{"line":87,"column":0},"end":{"line":87,"column":23}},"87":{"start":{"line":88,"column":0},"end":{"line":88,"column":39}},"88":{"start":{"line":89,"column":0},"end":{"line":89,"column":9}},"91":{"start":{"line":92,"column":0},"end":{"line":92,"column":45}},"92":{"start":{"line":93,"column":0},"end":{"line":93,"column":36}},"93":{"start":{"line":94,"column":0},"end":{"line":94,"column":27}},"94":{"start":{"line":95,"column":0},"end":{"line":95,"column":26}},"95":{"start":{"line":96,"column":0},"end":{"line":96,"column":9}},"98":{"start":{"line":99,"column":0},"end":{"line":99,"column":43}},"99":{"start":{"line":100,"column":0},"end":{"line":100,"column":74}},"100":{"start":{"line":101,"column":0},"end":{"line":101,"column":26}},"101":{"start":{"line":102,"column":0},"end":{"line":102,"column":4}},"102":{"start":{"line":103,"column":0},"end":{"line":103,"column":38}},"103":{"start":{"line":104,"column":0},"end":{"line":104,"column":73}},"104":{"start":{"line":105,"column":0},"end":{"line":105,"column":21}},"105":{"start":{"line":106,"column":0},"end":{"line":106,"column":4}},"107":{"start":{"line":108,"column":0},"end":{"line":108,"column":34}},"108":{"start":{"line":109,"column":0},"end":{"line":109,"column":28}},"110":{"start":{"line":111,"column":0},"end":{"line":111,"column":44}},"111":{"start":{"line":112,"column":0},"end":{"line":112,"column":43}},"113":{"start":{"line":114,"column":0},"end":{"line":114,"column":12}},"114":{"start":{"line":115,"column":0},"end":{"line":115,"column":76}},"115":{"start":{"line":116,"column":0},"end":{"line":116,"column":41}},"116":{"start":{"line":117,"column":0},"end":{"line":117,"column":12}},"118":{"start":{"line":119,"column":0},"end":{"line":119,"column":4}},"121":{"start":{"line":122,"column":0},"end":{"line":122,"column":46}},"122":{"start":{"line":123,"column":0},"end":{"line":123,"column":68}},"123":{"start":{"line":124,"column":0},"end":{"line":124,"column":37}},"124":{"start":{"line":125,"column":0},"end":{"line":125,"column":68}},"125":{"start":{"line":126,"column":0},"end":{"line":126,"column":62}},"126":{"start":{"line":127,"column":0},"end":{"line":127,"column":41}},"127":{"start":{"line":128,"column":0},"end":{"line":128,"column":61}},"128":{"start":{"line":129,"column":0},"end":{"line":129,"column":84}},"129":{"start":{"line":130,"column":0},"end":{"line":130,"column":16}},"130":{"start":{"line":131,"column":0},"end":{"line":131,"column":55}},"132":{"start":{"line":133,"column":0},"end":{"line":133,"column":10}},"133":{"start":{"line":134,"column":0},"end":{"line":134,"column":25}},"134":{"start":{"line":135,"column":0},"end":{"line":135,"column":33}},"135":{"start":{"line":136,"column":0},"end":{"line":136,"column":27}},"136":{"start":{"line":137,"column":0},"end":{"line":137,"column":50}},"137":{"start":{"line":138,"column":0},"end":{"line":138,"column":15}},"139":{"start":{"line":140,"column":0},"end":{"line":140,"column":38}},"140":{"start":{"line":141,"column":0},"end":{"line":141,"column":35}},"141":{"start":{"line":142,"column":0},"end":{"line":142,"column":39}},"142":{"start":{"line":143,"column":0},"end":{"line":143,"column":64}},"145":{"start":{"line":146,"column":0},"end":{"line":146,"column":45}},"146":{"start":{"line":147,"column":0},"end":{"line":147,"column":41}},"147":{"start":{"line":148,"column":0},"end":{"line":148,"column":48}},"148":{"start":{"line":149,"column":0},"end":{"line":149,"column":56}},"149":{"start":{"line":150,"column":0},"end":{"line":150,"column":25}},"150":{"start":{"line":151,"column":0},"end":{"line":151,"column":33}},"151":{"start":{"line":152,"column":0},"end":{"line":152,"column":49}},"152":{"start":{"line":153,"column":0},"end":{"line":153,"column":75}},"154":{"start":{"line":155,"column":0},"end":{"line":155,"column":47}},"155":{"start":{"line":156,"column":0},"end":{"line":156,"column":29}},"156":{"start":{"line":157,"column":0},"end":{"line":157,"column":55}},"157":{"start":{"line":158,"column":0},"end":{"line":158,"column":49}},"159":{"start":{"line":160,"column":0},"end":{"line":160,"column":59}},"160":{"start":{"line":161,"column":0},"end":{"line":161,"column":65}},"161":{"start":{"line":162,"column":0},"end":{"line":162,"column":27}},"164":{"start":{"line":165,"column":0},"end":{"line":165,"column":53}},"165":{"start":{"line":166,"column":0},"end":{"line":166,"column":25}},"166":{"start":{"line":167,"column":0},"end":{"line":167,"column":33}},"167":{"start":{"line":168,"column":0},"end":{"line":168,"column":49}},"168":{"start":{"line":169,"column":0},"end":{"line":169,"column":72}},"170":{"start":{"line":171,"column":0},"end":{"line":171,"column":44}},"171":{"start":{"line":172,"column":0},"end":{"line":172,"column":29}},"172":{"start":{"line":173,"column":0},"end":{"line":173,"column":52}},"173":{"start":{"line":174,"column":0},"end":{"line":174,"column":46}},"175":{"start":{"line":176,"column":0},"end":{"line":176,"column":59}},"176":{"start":{"line":177,"column":0},"end":{"line":177,"column":59}},"177":{"start":{"line":178,"column":0},"end":{"line":178,"column":27}},"178":{"start":{"line":179,"column":0},"end":{"line":179,"column":18}},"179":{"start":{"line":180,"column":0},"end":{"line":180,"column":20}},"181":{"start":{"line":182,"column":0},"end":{"line":182,"column":42}},"182":{"start":{"line":183,"column":0},"end":{"line":183,"column":48}},"183":{"start":{"line":184,"column":0},"end":{"line":184,"column":47}},"184":{"start":{"line":185,"column":0},"end":{"line":185,"column":64}},"185":{"start":{"line":186,"column":0},"end":{"line":186,"column":60}},"186":{"start":{"line":187,"column":0},"end":{"line":187,"column":22}},"187":{"start":{"line":188,"column":0},"end":{"line":188,"column":16}},"188":{"start":{"line":189,"column":0},"end":{"line":189,"column":18}},"190":{"start":{"line":191,"column":0},"end":{"line":191,"column":43}},"191":{"start":{"line":192,"column":0},"end":{"line":192,"column":62}},"192":{"start":{"line":193,"column":0},"end":{"line":193,"column":56}},"193":{"start":{"line":194,"column":0},"end":{"line":194,"column":18}},"194":{"start":{"line":195,"column":0},"end":{"line":195,"column":16}},"196":{"start":{"line":197,"column":0},"end":{"line":197,"column":34}},"197":{"start":{"line":198,"column":0},"end":{"line":198,"column":39}},"198":{"start":{"line":199,"column":0},"end":{"line":199,"column":53}},"199":{"start":{"line":200,"column":0},"end":{"line":200,"column":73}},"201":{"start":{"line":202,"column":0},"end":{"line":202,"column":23}},"202":{"start":{"line":203,"column":0},"end":{"line":203,"column":18}},"203":{"start":{"line":204,"column":0},"end":{"line":204,"column":12}},"204":{"start":{"line":205,"column":0},"end":{"line":205,"column":14}},"206":{"start":{"line":207,"column":0},"end":{"line":207,"column":31}},"207":{"start":{"line":208,"column":0},"end":{"line":208,"column":51}},"208":{"start":{"line":209,"column":0},"end":{"line":209,"column":54}},"209":{"start":{"line":210,"column":0},"end":{"line":210,"column":44}},"210":{"start":{"line":211,"column":0},"end":{"line":211,"column":23}},"211":{"start":{"line":212,"column":0},"end":{"line":212,"column":49}},"212":{"start":{"line":213,"column":0},"end":{"line":213,"column":31}},"213":{"start":{"line":214,"column":0},"end":{"line":214,"column":62}},"214":{"start":{"line":215,"column":0},"end":{"line":215,"column":74}},"215":{"start":{"line":216,"column":0},"end":{"line":216,"column":71}},"217":{"start":{"line":218,"column":0},"end":{"line":218,"column":68}},"218":{"start":{"line":219,"column":0},"end":{"line":219,"column":49}},"219":{"start":{"line":220,"column":0},"end":{"line":220,"column":62}},"220":{"start":{"line":221,"column":0},"end":{"line":221,"column":57}},"222":{"start":{"line":223,"column":0},"end":{"line":223,"column":37}},"223":{"start":{"line":224,"column":0},"end":{"line":224,"column":25}},"224":{"start":{"line":225,"column":0},"end":{"line":225,"column":17}},"225":{"start":{"line":226,"column":0},"end":{"line":226,"column":18}},"226":{"start":{"line":227,"column":0},"end":{"line":227,"column":13}},"227":{"start":{"line":228,"column":0},"end":{"line":228,"column":14}},"229":{"start":{"line":230,"column":0},"end":{"line":230,"column":34}},"230":{"start":{"line":231,"column":0},"end":{"line":231,"column":40}},"231":{"start":{"line":232,"column":0},"end":{"line":232,"column":39}},"232":{"start":{"line":233,"column":0},"end":{"line":233,"column":16}},"234":{"start":{"line":235,"column":0},"end":{"line":235,"column":69}},"236":{"start":{"line":237,"column":0},"end":{"line":237,"column":19}},"237":{"start":{"line":238,"column":0},"end":{"line":238,"column":14}},"238":{"start":{"line":239,"column":0},"end":{"line":239,"column":12}},"239":{"start":{"line":240,"column":0},"end":{"line":240,"column":10}},"241":{"start":{"line":242,"column":0},"end":{"line":242,"column":1}}},"s":{"0":1,"1":1,"2":1,"4":1,"5":27,"6":27,"7":27,"9":27,"12":27,"13":27,"14":27,"15":27,"16":27,"17":27,"19":27,"22":27,"23":27,"26":27,"27":1,"28":27,"29":27,"30":0,"31":0,"32":27,"33":27,"34":27,"35":27,"36":27,"37":27,"38":27,"39":27,"40":27,"41":27,"42":27,"43":27,"44":27,"45":27,"46":27,"47":27,"48":27,"51":27,"52":27,"53":11,"54":2,"55":2,"56":9,"57":11,"58":0,"59":0,"60":9,"61":9,"62":11,"63":0,"64":0,"65":11,"66":27,"67":27,"68":27,"69":27,"70":0,"71":0,"72":0,"73":0,"74":0,"75":0,"76":0,"77":0,"78":0,"79":0,"80":0,"81":0,"82":0,"83":27,"84":27,"85":27,"86":0,"87":0,"88":27,"91":27,"92":2,"93":2,"94":2,"95":27,"98":27,"99":27,"100":27,"101":27,"102":27,"103":27,"104":27,"105":27,"107":27,"108":972,"110":13,"111":13,"113":13,"114":972,"115":972,"116":972,"118":972,"121":27,"122":27,"123":27,"124":27,"125":3,"126":27,"127":1,"128":27,"129":0,"130":27,"132":27,"133":27,"134":27,"135":27,"136":27,"137":27,"139":27,"140":27,"141":27,"142":27,"145":27,"146":27,"147":27,"148":27,"149":27,"150":27,"151":27,"152":27,"154":27,"155":27,"156":27,"157":27,"159":27,"160":27,"161":27,"164":27,"165":3,"166":3,"167":3,"168":3,"170":3,"171":3,"172":3,"173":3,"175":3,"176":3,"177":3,"178":27,"179":27,"181":27,"182":25,"183":25,"184":24,"185":25,"186":25,"187":27,"188":27,"190":27,"191":27,"192":27,"193":27,"194":27,"196":27,"197":0,"198":0,"199":0,"201":0,"202":0,"203":27,"204":27,"206":27,"207":27,"208":162,"209":162,"210":972,"211":972,"212":972,"213":972,"214":972,"215":972,"217":972,"218":972,"219":972,"220":972,"222":972,"223":972,"224":162,"225":162,"226":27,"227":27,"229":27,"230":27,"231":27,"232":27,"234":27,"236":27,"237":27,"238":27,"239":27,"241":27},"branchMap":{"0":{"type":"branch","line":5,"loc":{"start":{"line":5,"column":7},"end":{"line":242,"column":1}},"locations":[{"start":{"line":5,"column":7},"end":{"line":242,"column":1}}]},"1":{"type":"branch","line":24,"loc":{"start":{"line":24,"column":31},"end":{"line":24,"column":56}},"locations":[{"start":{"line":24,"column":31},"end":{"line":24,"column":56}}]},"2":{"type":"branch","line":24,"loc":{"start":{"line":24,"column":52},"end":{"line":24,"column":70}},"locations":[{"start":{"line":24,"column":52},"end":{"line":24,"column":70}}]},"3":{"type":"branch","line":153,"loc":{"start":{"line":153,"column":49},"end":{"line":153,"column":73}},"locations":[{"start":{"line":153,"column":49},"end":{"line":153,"column":73}}]},"4":{"type":"branch","line":153,"loc":{"start":{"line":153,"column":60},"end":{"line":153,"column":75}},"locations":[{"start":{"line":153,"column":60},"end":{"line":153,"column":75}}]},"5":{"type":"branch","line":165,"loc":{"start":{"line":165,"column":47},"end":{"line":178,"column":27}},"locations":[{"start":{"line":165,"column":47},"end":{"line":178,"column":27}}]},"6":{"type":"branch","line":169,"loc":{"start":{"line":169,"column":49},"end":{"line":169,"column":70}},"locations":[{"start":{"line":169,"column":49},"end":{"line":169,"column":70}}]},"7":{"type":"branch","line":169,"loc":{"start":{"line":169,"column":57},"end":{"line":169,"column":72}},"locations":[{"start":{"line":169,"column":57},"end":{"line":169,"column":72}}]},"8":{"type":"branch","line":182,"loc":{"start":{"line":182,"column":15},"end":{"line":187,"column":22}},"locations":[{"start":{"line":182,"column":15},"end":{"line":187,"column":22}}]},"9":{"type":"branch","line":184,"loc":{"start":{"line":184,"column":46},"end":{"line":185,"column":64}},"locations":[{"start":{"line":184,"column":46},"end":{"line":185,"column":64}}]},"10":{"type":"branch","line":185,"loc":{"start":{"line":185,"column":62},"end":{"line":186,"column":59}},"locations":[{"start":{"line":185,"column":62},"end":{"line":186,"column":59}}]},"11":{"type":"branch","line":197,"loc":{"start":{"line":197,"column":21},"end":{"line":203,"column":18}},"locations":[{"start":{"line":197,"column":21},"end":{"line":203,"column":18}}]},"12":{"type":"branch","line":13,"loc":{"start":{"line":13,"column":29},"end":{"line":18,"column":4}},"locations":[{"start":{"line":13,"column":29},"end":{"line":18,"column":4}}]},"13":{"type":"branch","line":16,"loc":{"start":{"line":16,"column":32},"end":{"line":16,"column":51}},"locations":[{"start":{"line":16,"column":32},"end":{"line":16,"column":51}}]},"14":{"type":"branch","line":27,"loc":{"start":{"line":27,"column":41},"end":{"line":29,"column":5}},"locations":[{"start":{"line":27,"column":41},"end":{"line":29,"column":5}}]},"15":{"type":"branch","line":39,"loc":{"start":{"line":39,"column":4},"end":{"line":39,"column":35}},"locations":[{"start":{"line":39,"column":4},"end":{"line":39,"column":35}}]},"16":{"type":"branch","line":53,"loc":{"start":{"line":53,"column":4},"end":{"line":66,"column":6}},"locations":[{"start":{"line":53,"column":4},"end":{"line":66,"column":6}}]},"17":{"type":"branch","line":54,"loc":{"start":{"line":54,"column":68},"end":{"line":56,"column":7}},"locations":[{"start":{"line":54,"column":68},"end":{"line":56,"column":7}}]},"18":{"type":"branch","line":56,"loc":{"start":{"line":56,"column":6},"end":{"line":58,"column":25}},"locations":[{"start":{"line":56,"column":6},"end":{"line":58,"column":25}}]},"19":{"type":"branch","line":58,"loc":{"start":{"line":58,"column":25},"end":{"line":60,"column":7}},"locations":[{"start":{"line":58,"column":25},"end":{"line":60,"column":7}}]},"20":{"type":"branch","line":60,"loc":{"start":{"line":60,"column":6},"end":{"line":63,"column":38}},"locations":[{"start":{"line":60,"column":6},"end":{"line":63,"column":38}}]},"21":{"type":"branch","line":63,"loc":{"start":{"line":63,"column":38},"end":{"line":65,"column":7}},"locations":[{"start":{"line":63,"column":38},"end":{"line":65,"column":7}}]},"22":{"type":"branch","line":92,"loc":{"start":{"line":92,"column":38},"end":{"line":96,"column":5}},"locations":[{"start":{"line":92,"column":38},"end":{"line":96,"column":5}}]},"23":{"type":"branch","line":100,"loc":{"start":{"line":100,"column":4},"end":{"line":100,"column":74}},"locations":[{"start":{"line":100,"column":4},"end":{"line":100,"column":74}}]},"24":{"type":"branch","line":100,"loc":{"start":{"line":100,"column":28},"end":{"line":100,"column":74}},"locations":[{"start":{"line":100,"column":28},"end":{"line":100,"column":74}}]},"25":{"type":"branch","line":104,"loc":{"start":{"line":104,"column":4},"end":{"line":104,"column":73}},"locations":[{"start":{"line":104,"column":4},"end":{"line":104,"column":73}}]},"26":{"type":"branch","line":108,"loc":{"start":{"line":108,"column":23},"end":{"line":119,"column":4}},"locations":[{"start":{"line":108,"column":23},"end":{"line":119,"column":4}}]},"27":{"type":"branch","line":109,"loc":{"start":{"line":109,"column":16},"end":{"line":109,"column":28}},"locations":[{"start":{"line":109,"column":16},"end":{"line":109,"column":28}}]},"28":{"type":"branch","line":109,"loc":{"start":{"line":109,"column":23},"end":{"line":115,"column":51}},"locations":[{"start":{"line":109,"column":23},"end":{"line":115,"column":51}}]},"29":{"type":"branch","line":115,"loc":{"start":{"line":115,"column":39},"end":{"line":115,"column":63}},"locations":[{"start":{"line":115,"column":39},"end":{"line":115,"column":63}}]},"30":{"type":"branch","line":115,"loc":{"start":{"line":115,"column":51},"end":{"line":115,"column":72}},"locations":[{"start":{"line":115,"column":51},"end":{"line":115,"column":72}}]},"31":{"type":"branch","line":116,"loc":{"start":{"line":116,"column":18},"end":{"line":116,"column":36}},"locations":[{"start":{"line":116,"column":18},"end":{"line":116,"column":36}}]},"32":{"type":"branch","line":116,"loc":{"start":{"line":116,"column":29},"end":{"line":116,"column":40}},"locations":[{"start":{"line":116,"column":29},"end":{"line":116,"column":40}}]},"33":{"type":"branch","line":122,"loc":{"start":{"line":122,"column":39},"end":{"line":131,"column":5}},"locations":[{"start":{"line":122,"column":39},"end":{"line":131,"column":5}}]},"34":{"type":"branch","line":123,"loc":{"start":{"line":123,"column":38},"end":{"line":123,"column":68}},"locations":[{"start":{"line":123,"column":38},"end":{"line":123,"column":68}}]},"35":{"type":"branch","line":125,"loc":{"start":{"line":125,"column":6},"end":{"line":125,"column":68}},"locations":[{"start":{"line":125,"column":6},"end":{"line":125,"column":68}}]},"36":{"type":"branch","line":125,"loc":{"start":{"line":125,"column":65},"end":{"line":126,"column":62}},"locations":[{"start":{"line":125,"column":65},"end":{"line":126,"column":62}}]},"37":{"type":"branch","line":127,"loc":{"start":{"line":127,"column":6},"end":{"line":127,"column":41}},"locations":[{"start":{"line":127,"column":6},"end":{"line":127,"column":41}}]},"38":{"type":"branch","line":127,"loc":{"start":{"line":127,"column":13},"end":{"line":128,"column":61}},"locations":[{"start":{"line":127,"column":13},"end":{"line":128,"column":61}}]},"39":{"type":"branch","line":129,"loc":{"start":{"line":129,"column":6},"end":{"line":129,"column":84}},"locations":[{"start":{"line":129,"column":6},"end":{"line":129,"column":84}}]},"40":{"type":"branch","line":129,"loc":{"start":{"line":129,"column":65},"end":{"line":130,"column":16}},"locations":[{"start":{"line":129,"column":65},"end":{"line":130,"column":16}}]},"41":{"type":"branch","line":208,"loc":{"start":{"line":208,"column":31},"end":{"line":226,"column":18}},"locations":[{"start":{"line":208,"column":31},"end":{"line":226,"column":18}}]},"42":{"type":"branch","line":210,"loc":{"start":{"line":210,"column":23},"end":{"line":224,"column":25}},"locations":[{"start":{"line":210,"column":23},"end":{"line":224,"column":25}}]},"43":{"type":"branch","line":215,"loc":{"start":{"line":215,"column":43},"end":{"line":215,"column":63}},"locations":[{"start":{"line":215,"column":43},"end":{"line":215,"column":63}}]},"44":{"type":"branch","line":215,"loc":{"start":{"line":215,"column":50},"end":{"line":215,"column":70}},"locations":[{"start":{"line":215,"column":50},"end":{"line":215,"column":70}}]},"45":{"type":"branch","line":216,"loc":{"start":{"line":216,"column":20},"end":{"line":216,"column":54}},"locations":[{"start":{"line":216,"column":20},"end":{"line":216,"column":54}}]},"46":{"type":"branch","line":216,"loc":{"start":{"line":216,"column":47},"end":{"line":216,"column":69}},"locations":[{"start":{"line":216,"column":47},"end":{"line":216,"column":69}}]},"47":{"type":"branch","line":216,"loc":{"start":{"line":216,"column":54},"end":{"line":216,"column":71}},"locations":[{"start":{"line":216,"column":54},"end":{"line":216,"column":71}}]},"48":{"type":"branch","line":221,"loc":{"start":{"line":221,"column":30},"end":{"line":221,"column":57}},"locations":[{"start":{"line":221,"column":30},"end":{"line":221,"column":57}}]}},"b":{"0":[27],"1":[24],"2":[3],"3":[24],"4":[3],"5":[3],"6":[1],"7":[2],"8":[25],"9":[24],"10":[1],"11":[0],"12":[27],"13":[3],"14":[1],"15":[1],"16":[11],"17":[2],"18":[9],"19":[0],"20":[9],"21":[0],"22":[2],"23":[972],"24":[11],"25":[972],"26":[972],"27":[959],"28":[13],"29":[10],"30":[3],"31":[13],"32":[0],"33":[27],"34":[0],"35":[24],"36":[3],"37":[2],"38":[1],"39":[1],"40":[0],"41":[162],"42":[972],"43":[13],"44":[959],"45":[900],"46":[887],"47":[85],"48":[959]},"fnMap":{"0":{"name":"App","decl":{"start":{"line":5,"column":7},"end":{"line":242,"column":1}},"loc":{"start":{"line":5,"column":7},"end":{"line":242,"column":1}},"line":5},"1":{"name":"getAvailablePieces","decl":{"start":{"line":13,"column":29},"end":{"line":18,"column":4}},"loc":{"start":{"line":13,"column":29},"end":{"line":18,"column":4}},"line":13},"2":{"name":"renderPiece","decl":{"start":{"line":108,"column":23},"end":{"line":119,"column":4}},"loc":{"start":{"line":108,"column":23},"end":{"line":119,"column":4}},"line":108}},"f":{"0":27,"1":27,"2":972}}
,"/workspaces/Boop/src/game.js": {"path":"/workspaces/Boop/src/game.js","all":false,"statementMap":{"0":{"start":{"line":1,"column":0},"end":{"line":1,"column":22}},"1":{"start":{"line":2,"column":0},"end":{"line":2,"column":22}},"3":{"start":{"line":4,"column":0},"end":{"line":4,"column":32}},"4":{"start":{"line":5,"column":0},"end":{"line":5,"column":13}},"5":{"start":{"line":6,"column":0},"end":{"line":6,"column":15}},"6":{"start":{"line":7,"column":0},"end":{"line":7,"column":39}},"8":{"start":{"line":9,"column":0},"end":{"line":9,"column":55}},"9":{"start":{"line":10,"column":0},"end":{"line":10,"column":24}},"10":{"start":{"line":11,"column":0},"end":{"line":11,"column":43}},"11":{"start":{"line":12,"column":0},"end":{"line":12,"column":3}},"12":{"start":{"line":13,"column":0},"end":{"line":13,"column":44}},"13":{"start":{"line":14,"column":0},"end":{"line":14,"column":29}},"14":{"start":{"line":15,"column":0},"end":{"line":15,"column":18}},"15":{"start":{"line":16,"column":0},"end":{"line":16,"column":2}},"17":{"start":{"line":18,"column":0},"end":{"line":18,"column":50}},"18":{"start":{"line":19,"column":0},"end":{"line":19,"column":19}},"20":{"start":{"line":21,"column":0},"end":{"line":21,"column":27}},"21":{"start":{"line":22,"column":0},"end":{"line":22,"column":40}},"22":{"start":{"line":23,"column":0},"end":{"line":23,"column":47}},"23":{"start":{"line":24,"column":0},"end":{"line":24,"column":10}},"24":{"start":{"line":25,"column":0},"end":{"line":25,"column":40}},"25":{"start":{"line":26,"column":0},"end":{"line":26,"column":44}},"26":{"start":{"line":27,"column":0},"end":{"line":27,"column":41}},"27":{"start":{"line":28,"column":0},"end":{"line":28,"column":9}},"28":{"start":{"line":29,"column":0},"end":{"line":29,"column":20}},"29":{"start":{"line":30,"column":0},"end":{"line":30,"column":23}},"30":{"start":{"line":31,"column":0},"end":{"line":31,"column":32}},"31":{"start":{"line":32,"column":0},"end":{"line":32,"column":32}},"32":{"start":{"line":33,"column":0},"end":{"line":33,"column":11}},"33":{"start":{"line":34,"column":0},"end":{"line":34,"column":7}},"34":{"start":{"line":35,"column":0},"end":{"line":35,"column":5}},"35":{"start":{"line":36,"column":0},"end":{"line":36,"column":3}},"37":{"start":{"line":38,"column":0},"end":{"line":38,"column":25}},"38":{"start":{"line":39,"column":0},"end":{"line":39,"column":40}},"39":{"start":{"line":40,"column":0},"end":{"line":40,"column":47}},"40":{"start":{"line":41,"column":0},"end":{"line":41,"column":10}},"41":{"start":{"line":42,"column":0},"end":{"line":42,"column":40}},"42":{"start":{"line":43,"column":0},"end":{"line":43,"column":44}},"43":{"start":{"line":44,"column":0},"end":{"line":44,"column":41}},"44":{"start":{"line":45,"column":0},"end":{"line":45,"column":9}},"45":{"start":{"line":46,"column":0},"end":{"line":46,"column":20}},"46":{"start":{"line":47,"column":0},"end":{"line":47,"column":23}},"47":{"start":{"line":48,"column":0},"end":{"line":48,"column":32}},"48":{"start":{"line":49,"column":0},"end":{"line":49,"column":32}},"49":{"start":{"line":50,"column":0},"end":{"line":50,"column":11}},"50":{"start":{"line":51,"column":0},"end":{"line":51,"column":7}},"51":{"start":{"line":52,"column":0},"end":{"line":52,"column":5}},"52":{"start":{"line":53,"column":0},"end":{"line":53,"column":3}},"54":{"start":{"line":55,"column":0},"end":{"line":55,"column":52}},"55":{"start":{"line":56,"column":0},"end":{"line":56,"column":45}},"56":{"start":{"line":57,"column":0},"end":{"line":57,"column":47}},"57":{"start":{"line":58,"column":0},"end":{"line":58,"column":10}},"58":{"start":{"line":59,"column":0},"end":{"line":59,"column":40}},"59":{"start":{"line":60,"column":0},"end":{"line":60,"column":48}},"60":{"start":{"line":61,"column":0},"end":{"line":61,"column":45}},"61":{"start":{"line":62,"column":0},"end":{"line":62,"column":9}},"62":{"start":{"line":63,"column":0},"end":{"line":63,"column":20}},"63":{"start":{"line":64,"column":0},"end":{"line":64,"column":23}},"64":{"start":{"line":65,"column":0},"end":{"line":65,"column":41}},"65":{"start":{"line":66,"column":0},"end":{"line":66,"column":41}},"66":{"start":{"line":67,"column":0},"end":{"line":67,"column":11}},"67":{"start":{"line":68,"column":0},"end":{"line":68,"column":7}},"68":{"start":{"line":69,"column":0},"end":{"line":69,"column":5}},"69":{"start":{"line":70,"column":0},"end":{"line":70,"column":3}},"71":{"start":{"line":72,"column":0},"end":{"line":72,"column":52}},"72":{"start":{"line":73,"column":0},"end":{"line":73,"column":45}},"73":{"start":{"line":74,"column":0},"end":{"line":74,"column":59}},"74":{"start":{"line":75,"column":0},"end":{"line":75,"column":10}},"75":{"start":{"line":76,"column":0},"end":{"line":76,"column":40}},"76":{"start":{"line":77,"column":0},"end":{"line":77,"column":48}},"77":{"start":{"line":78,"column":0},"end":{"line":78,"column":45}},"78":{"start":{"line":79,"column":0},"end":{"line":79,"column":9}},"79":{"start":{"line":80,"column":0},"end":{"line":80,"column":20}},"80":{"start":{"line":81,"column":0},"end":{"line":81,"column":23}},"81":{"start":{"line":82,"column":0},"end":{"line":82,"column":41}},"82":{"start":{"line":83,"column":0},"end":{"line":83,"column":41}},"83":{"start":{"line":84,"column":0},"end":{"line":84,"column":11}},"84":{"start":{"line":85,"column":0},"end":{"line":85,"column":7}},"85":{"start":{"line":86,"column":0},"end":{"line":86,"column":5}},"86":{"start":{"line":87,"column":0},"end":{"line":87,"column":3}},"88":{"start":{"line":89,"column":0},"end":{"line":89,"column":15}},"89":{"start":{"line":90,"column":0},"end":{"line":90,"column":2}},"91":{"start":{"line":92,"column":0},"end":{"line":92,"column":50}},"92":{"start":{"line":93,"column":0},"end":{"line":93,"column":25}},"93":{"start":{"line":94,"column":0},"end":{"line":94,"column":44}},"95":{"start":{"line":96,"column":0},"end":{"line":96,"column":27}},"96":{"start":{"line":97,"column":0},"end":{"line":97,"column":21}},"97":{"start":{"line":98,"column":0},"end":{"line":98,"column":27}},"98":{"start":{"line":99,"column":0},"end":{"line":99,"column":40}},"99":{"start":{"line":100,"column":0},"end":{"line":100,"column":7}},"100":{"start":{"line":101,"column":0},"end":{"line":101,"column":5}},"102":{"start":{"line":103,"column":0},"end":{"line":103,"column":38}},"103":{"start":{"line":104,"column":0},"end":{"line":104,"column":2}},"105":{"start":{"line":106,"column":0},"end":{"line":106,"column":42}},"106":{"start":{"line":107,"column":0},"end":{"line":107,"column":44}},"108":{"start":{"line":109,"column":0},"end":{"line":109,"column":31}},"109":{"start":{"line":110,"column":0},"end":{"line":110,"column":57}},"110":{"start":{"line":111,"column":0},"end":{"line":111,"column":20}},"111":{"start":{"line":112,"column":0},"end":{"line":112,"column":3}},"113":{"start":{"line":114,"column":0},"end":{"line":114,"column":42}},"115":{"start":{"line":116,"column":0},"end":{"line":116,"column":22}},"116":{"start":{"line":117,"column":0},"end":{"line":117,"column":20}},"117":{"start":{"line":118,"column":0},"end":{"line":118,"column":3}},"119":{"start":{"line":120,"column":0},"end":{"line":120,"column":22}},"120":{"start":{"line":121,"column":0},"end":{"line":121,"column":13}},"121":{"start":{"line":122,"column":0},"end":{"line":122,"column":12}},"122":{"start":{"line":123,"column":0},"end":{"line":123,"column":12}},"123":{"start":{"line":124,"column":0},"end":{"line":124,"column":12}},"124":{"start":{"line":125,"column":0},"end":{"line":125,"column":11}},"125":{"start":{"line":126,"column":0},"end":{"line":126,"column":12}},"126":{"start":{"line":127,"column":0},"end":{"line":127,"column":11}},"127":{"start":{"line":128,"column":0},"end":{"line":128,"column":11}},"128":{"start":{"line":129,"column":0},"end":{"line":129,"column":4}},"130":{"start":{"line":131,"column":0},"end":{"line":131,"column":40}},"131":{"start":{"line":132,"column":0},"end":{"line":132,"column":35}},"132":{"start":{"line":133,"column":0},"end":{"line":133,"column":35}},"134":{"start":{"line":135,"column":0},"end":{"line":135,"column":8}},"135":{"start":{"line":136,"column":0},"end":{"line":136,"column":25}},"136":{"start":{"line":137,"column":0},"end":{"line":137,"column":27}},"137":{"start":{"line":138,"column":0},"end":{"line":138,"column":25}},"138":{"start":{"line":139,"column":0},"end":{"line":139,"column":27}},"139":{"start":{"line":140,"column":0},"end":{"line":140,"column":40}},"140":{"start":{"line":141,"column":0},"end":{"line":141,"column":7}},"141":{"start":{"line":142,"column":0},"end":{"line":142,"column":61}},"143":{"start":{"line":144,"column":0},"end":{"line":144,"column":51}},"144":{"start":{"line":145,"column":0},"end":{"line":145,"column":53}},"145":{"start":{"line":146,"column":0},"end":{"line":146,"column":51}},"147":{"start":{"line":148,"column":0},"end":{"line":148,"column":67}},"148":{"start":{"line":149,"column":0},"end":{"line":149,"column":61}},"149":{"start":{"line":150,"column":0},"end":{"line":150,"column":15}},"150":{"start":{"line":151,"column":0},"end":{"line":151,"column":7}},"151":{"start":{"line":152,"column":0},"end":{"line":152,"column":34}},"152":{"start":{"line":153,"column":0},"end":{"line":153,"column":43}},"153":{"start":{"line":154,"column":0},"end":{"line":154,"column":7}},"155":{"start":{"line":156,"column":0},"end":{"line":156,"column":76}},"156":{"start":{"line":157,"column":0},"end":{"line":157,"column":41}},"157":{"start":{"line":158,"column":0},"end":{"line":158,"column":41}},"158":{"start":{"line":159,"column":0},"end":{"line":159,"column":10}},"159":{"start":{"line":160,"column":0},"end":{"line":160,"column":23}},"160":{"start":{"line":161,"column":0},"end":{"line":161,"column":25}},"161":{"start":{"line":162,"column":0},"end":{"line":162,"column":23}},"162":{"start":{"line":163,"column":0},"end":{"line":163,"column":25}},"163":{"start":{"line":164,"column":0},"end":{"line":164,"column":34}},"164":{"start":{"line":165,"column":0},"end":{"line":165,"column":9}},"165":{"start":{"line":166,"column":0},"end":{"line":166,"column":91}},"166":{"start":{"line":167,"column":0},"end":{"line":167,"column":47}},"167":{"start":{"line":168,"column":0},"end":{"line":168,"column":15}},"168":{"start":{"line":169,"column":0},"end":{"line":169,"column":7}},"170":{"start":{"line":171,"column":0},"end":{"line":171,"column":43}},"171":{"start":{"line":172,"column":0},"end":{"line":172,"column":43}},"173":{"start":{"line":174,"column":0},"end":{"line":174,"column":76}},"174":{"start":{"line":175,"column":0},"end":{"line":175,"column":10}},"175":{"start":{"line":176,"column":0},"end":{"line":176,"column":24}},"176":{"start":{"line":177,"column":0},"end":{"line":177,"column":28}},"177":{"start":{"line":178,"column":0},"end":{"line":178,"column":24}},"178":{"start":{"line":179,"column":0},"end":{"line":179,"column":25}},"179":{"start":{"line":180,"column":0},"end":{"line":180,"column":9}},"180":{"start":{"line":181,"column":0},"end":{"line":181,"column":51}},"181":{"start":{"line":182,"column":0},"end":{"line":182,"column":15}},"182":{"start":{"line":183,"column":0},"end":{"line":183,"column":7}},"184":{"start":{"line":185,"column":0},"end":{"line":185,"column":44}},"185":{"start":{"line":186,"column":0},"end":{"line":186,"column":68}},"186":{"start":{"line":187,"column":0},"end":{"line":187,"column":53}},"187":{"start":{"line":188,"column":0},"end":{"line":188,"column":50}},"188":{"start":{"line":189,"column":0},"end":{"line":189,"column":7}},"189":{"start":{"line":190,"column":0},"end":{"line":190,"column":42}},"190":{"start":{"line":191,"column":0},"end":{"line":191,"column":5}},"191":{"start":{"line":192,"column":0},"end":{"line":192,"column":5}},"193":{"start":{"line":194,"column":0},"end":{"line":194,"column":18}},"194":{"start":{"line":195,"column":0},"end":{"line":195,"column":2}},"196":{"start":{"line":197,"column":0},"end":{"line":197,"column":53}},"197":{"start":{"line":198,"column":0},"end":{"line":198,"column":40}},"199":{"start":{"line":200,"column":0},"end":{"line":200,"column":30}},"200":{"start":{"line":201,"column":0},"end":{"line":201,"column":53}},"201":{"start":{"line":202,"column":0},"end":{"line":202,"column":28}},"202":{"start":{"line":203,"column":0},"end":{"line":203,"column":18}},"203":{"start":{"line":204,"column":0},"end":{"line":204,"column":3}},"205":{"start":{"line":206,"column":0},"end":{"line":206,"column":30}},"206":{"start":{"line":207,"column":0},"end":{"line":207,"column":19}},"207":{"start":{"line":208,"column":0},"end":{"line":208,"column":40}},"208":{"start":{"line":209,"column":0},"end":{"line":209,"column":42}},"209":{"start":{"line":210,"column":0},"end":{"line":210,"column":46}},"210":{"start":{"line":211,"column":0},"end":{"line":211,"column":19}},"211":{"start":{"line":212,"column":0},"end":{"line":212,"column":7}},"212":{"start":{"line":213,"column":0},"end":{"line":213,"column":5}},"213":{"start":{"line":214,"column":0},"end":{"line":214,"column":3}},"215":{"start":{"line":216,"column":0},"end":{"line":216,"column":22}},"216":{"start":{"line":217,"column":0},"end":{"line":217,"column":18}},"217":{"start":{"line":218,"column":0},"end":{"line":218,"column":3}},"219":{"start":{"line":220,"column":0},"end":{"line":220,"column":14}},"220":{"start":{"line":221,"column":0},"end":{"line":221,"column":2}},"222":{"start":{"line":223,"column":0},"end":{"line":223,"column":39}},"223":{"start":{"line":224,"column":0},"end":{"line":224,"column":23}},"224":{"start":{"line":225,"column":0},"end":{"line":225,"column":19}},"225":{"start":{"line":226,"column":0},"end":{"line":226,"column":12}},"226":{"start":{"line":227,"column":0},"end":{"line":227,"column":46}},"227":{"start":{"line":228,"column":0},"end":{"line":228,"column":46}},"228":{"start":{"line":229,"column":0},"end":{"line":229,"column":4}},"229":{"start":{"line":230,"column":0},"end":{"line":230,"column":15}},"230":{"start":{"line":231,"column":0},"end":{"line":231,"column":18}},"231":{"start":{"line":232,"column":0},"end":{"line":232,"column":3}},"233":{"start":{"line":234,"column":0},"end":{"line":234,"column":61}},"234":{"start":{"line":235,"column":0},"end":{"line":235,"column":18}},"235":{"start":{"line":236,"column":0},"end":{"line":236,"column":43}},"236":{"start":{"line":237,"column":0},"end":{"line":237,"column":61}},"237":{"start":{"line":238,"column":0},"end":{"line":238,"column":3}},"239":{"start":{"line":240,"column":0},"end":{"line":240,"column":24}},"240":{"start":{"line":241,"column":0},"end":{"line":241,"column":54}},"241":{"start":{"line":242,"column":0},"end":{"line":242,"column":67}},"242":{"start":{"line":243,"column":0},"end":{"line":243,"column":3}},"244":{"start":{"line":245,"column":0},"end":{"line":245,"column":67}},"245":{"start":{"line":246,"column":0},"end":{"line":246,"column":42}},"246":{"start":{"line":247,"column":0},"end":{"line":247,"column":54}},"248":{"start":{"line":249,"column":0},"end":{"line":249,"column":44}},"249":{"start":{"line":250,"column":0},"end":{"line":250,"column":61}},"250":{"start":{"line":251,"column":0},"end":{"line":251,"column":21}},"251":{"start":{"line":252,"column":0},"end":{"line":252,"column":3}},"252":{"start":{"line":253,"column":0},"end":{"line":253,"column":55}},"253":{"start":{"line":254,"column":0},"end":{"line":254,"column":21}},"254":{"start":{"line":255,"column":0},"end":{"line":255,"column":3}},"256":{"start":{"line":257,"column":0},"end":{"line":257,"column":26}},"257":{"start":{"line":258,"column":0},"end":{"line":258,"column":20}},"258":{"start":{"line":259,"column":0},"end":{"line":259,"column":17}},"259":{"start":{"line":260,"column":0},"end":{"line":260,"column":64}},"260":{"start":{"line":261,"column":0},"end":{"line":261,"column":55}},"261":{"start":{"line":262,"column":0},"end":{"line":262,"column":46}},"262":{"start":{"line":263,"column":0},"end":{"line":263,"column":16}},"263":{"start":{"line":264,"column":0},"end":{"line":264,"column":20}},"264":{"start":{"line":265,"column":0},"end":{"line":265,"column":80}},"265":{"start":{"line":266,"column":0},"end":{"line":266,"column":68}},"266":{"start":{"line":267,"column":0},"end":{"line":267,"column":10}},"267":{"start":{"line":268,"column":0},"end":{"line":268,"column":7}},"268":{"start":{"line":269,"column":0},"end":{"line":269,"column":20}},"269":{"start":{"line":270,"column":0},"end":{"line":270,"column":7}},"270":{"start":{"line":271,"column":0},"end":{"line":271,"column":4}},"272":{"start":{"line":273,"column":0},"end":{"line":273,"column":71}},"273":{"start":{"line":274,"column":0},"end":{"line":274,"column":50}},"275":{"start":{"line":276,"column":0},"end":{"line":276,"column":65}},"276":{"start":{"line":277,"column":0},"end":{"line":277,"column":45}},"277":{"start":{"line":278,"column":0},"end":{"line":278,"column":56}},"278":{"start":{"line":279,"column":0},"end":{"line":279,"column":25}},"279":{"start":{"line":280,"column":0},"end":{"line":280,"column":80}},"280":{"start":{"line":281,"column":0},"end":{"line":281,"column":30}},"281":{"start":{"line":282,"column":0},"end":{"line":282,"column":49}},"282":{"start":{"line":283,"column":0},"end":{"line":283,"column":51}},"283":{"start":{"line":284,"column":0},"end":{"line":284,"column":76}},"284":{"start":{"line":285,"column":0},"end":{"line":285,"column":6}},"285":{"start":{"line":286,"column":0},"end":{"line":286,"column":3}},"287":{"start":{"line":288,"column":0},"end":{"line":288,"column":24}},"288":{"start":{"line":289,"column":0},"end":{"line":289,"column":64}},"289":{"start":{"line":290,"column":0},"end":{"line":290,"column":15}},"290":{"start":{"line":291,"column":0},"end":{"line":291,"column":29}},"291":{"start":{"line":292,"column":0},"end":{"line":292,"column":29}},"292":{"start":{"line":293,"column":0},"end":{"line":293,"column":3}},"294":{"start":{"line":295,"column":0},"end":{"line":295,"column":19}},"295":{"start":{"line":296,"column":0},"end":{"line":296,"column":61}},"297":{"start":{"line":298,"column":0},"end":{"line":298,"column":18}},"298":{"start":{"line":299,"column":0},"end":{"line":299,"column":2}}},"s":{"0":1,"1":1,"3":1,"4":62,"5":62,"6":1,"8":1,"9":158,"10":1,"11":1,"12":157,"13":157,"14":157,"15":157,"17":1,"18":49,"20":49,"21":49,"22":294,"23":1176,"24":1176,"25":1176,"26":44,"27":1176,"28":24,"29":24,"30":24,"31":24,"32":24,"33":24,"34":1176,"35":294,"37":49,"38":49,"39":294,"40":1176,"41":1176,"42":1176,"43":10,"44":1176,"45":3,"46":3,"47":3,"48":3,"49":3,"50":3,"51":1176,"52":294,"54":49,"55":49,"56":196,"57":784,"58":784,"59":784,"60":16,"61":784,"62":5,"63":5,"64":5,"65":5,"66":5,"67":5,"68":784,"69":196,"71":49,"72":49,"73":196,"74":784,"75":784,"76":784,"77":7,"78":784,"79":3,"80":3,"81":3,"82":3,"83":3,"84":3,"85":784,"86":196,"88":49,"89":49,"91":1,"92":15,"93":15,"95":15,"96":15,"97":15,"98":45,"99":15,"100":15,"102":15,"103":15,"105":1,"106":23,"108":23,"109":23,"110":1,"111":1,"113":22,"115":23,"116":1,"117":1,"119":21,"120":21,"121":21,"122":21,"123":21,"124":21,"125":21,"126":21,"127":21,"128":21,"130":21,"131":168,"132":168,"134":168,"135":168,"136":168,"137":168,"138":168,"139":110,"140":168,"141":22,"143":22,"144":22,"145":22,"147":22,"148":22,"149":1,"150":1,"151":22,"152":9,"153":9,"155":12,"156":12,"157":12,"158":12,"159":12,"160":22,"161":22,"162":22,"163":9,"164":22,"165":6,"166":6,"167":6,"168":6,"170":6,"171":6,"173":6,"174":6,"175":6,"176":22,"177":22,"178":3,"179":22,"180":3,"181":3,"182":3,"184":3,"185":3,"186":3,"187":3,"188":3,"189":22,"190":22,"191":21,"193":21,"194":21,"196":1,"197":17,"199":17,"200":17,"201":17,"202":5,"203":5,"205":12,"206":12,"207":17,"208":72,"209":432,"210":9,"211":9,"212":432,"213":72,"215":17,"216":0,"217":0,"219":12,"220":12,"222":1,"223":14,"224":14,"225":14,"226":14,"227":14,"228":14,"229":14,"230":14,"231":1,"233":1,"234":14,"235":14,"236":3,"237":3,"239":11,"240":14,"241":1,"242":1,"244":10,"245":10,"246":10,"248":10,"249":14,"250":1,"251":1,"252":14,"253":1,"254":1,"256":8,"257":8,"258":8,"259":8,"260":8,"261":16,"262":8,"263":8,"264":8,"265":8,"266":8,"267":8,"268":8,"269":8,"270":8,"272":8,"273":8,"275":8,"276":8,"277":8,"278":14,"279":3,"280":3,"281":3,"282":3,"283":3,"284":3,"285":3,"287":8,"288":8,"289":14,"290":0,"291":0,"292":0,"294":8,"295":8,"297":8,"298":8},"branchMap":{"0":{"type":"branch","line":4,"loc":{"start":{"line":4,"column":27},"end":{"line":7,"column":38}},"locations":[{"start":{"line":4,"column":27},"end":{"line":7,"column":38}}]},"1":{"type":"branch","line":7,"loc":{"start":{"line":7,"column":9},"end":{"line":7,"column":37}},"locations":[{"start":{"line":7,"column":9},"end":{"line":7,"column":37}}]},"2":{"type":"branch","line":9,"loc":{"start":{"line":9,"column":26},"end":{"line":16,"column":2}},"locations":[{"start":{"line":9,"column":26},"end":{"line":16,"column":2}}]},"3":{"type":"branch","line":10,"loc":{"start":{"line":10,"column":23},"end":{"line":12,"column":3}},"locations":[{"start":{"line":10,"column":23},"end":{"line":12,"column":3}}]},"4":{"type":"branch","line":12,"loc":{"start":{"line":12,"column":2},"end":{"line":16,"column":2}},"locations":[{"start":{"line":12,"column":2},"end":{"line":16,"column":2}}]},"5":{"type":"branch","line":13,"loc":{"start":{"line":13,"column":30},"end":{"line":13,"column":42}},"locations":[{"start":{"line":13,"column":30},"end":{"line":13,"column":42}}]},"6":{"type":"branch","line":18,"loc":{"start":{"line":18,"column":27},"end":{"line":90,"column":2}},"locations":[{"start":{"line":18,"column":27},"end":{"line":90,"column":2}}]},"7":{"type":"branch","line":22,"loc":{"start":{"line":22,"column":39},"end":{"line":36,"column":3}},"locations":[{"start":{"line":22,"column":39},"end":{"line":36,"column":3}}]},"8":{"type":"branch","line":23,"loc":{"start":{"line":23,"column":46},"end":{"line":35,"column":5}},"locations":[{"start":{"line":23,"column":46},"end":{"line":35,"column":5}}]},"9":{"type":"branch","line":25,"loc":{"start":{"line":25,"column":37},"end":{"line":26,"column":41}},"locations":[{"start":{"line":25,"column":37},"end":{"line":26,"column":41}}]},"10":{"type":"branch","line":26,"loc":{"start":{"line":26,"column":41},"end":{"line":27,"column":41}},"locations":[{"start":{"line":26,"column":41},"end":{"line":27,"column":41}}]},"11":{"type":"branch","line":28,"loc":{"start":{"line":28,"column":8},"end":{"line":34,"column":7}},"locations":[{"start":{"line":28,"column":8},"end":{"line":34,"column":7}}]},"12":{"type":"branch","line":39,"loc":{"start":{"line":39,"column":39},"end":{"line":53,"column":3}},"locations":[{"start":{"line":39,"column":39},"end":{"line":53,"column":3}}]},"13":{"type":"branch","line":40,"loc":{"start":{"line":40,"column":46},"end":{"line":52,"column":5}},"locations":[{"start":{"line":40,"column":46},"end":{"line":52,"column":5}}]},"14":{"type":"branch","line":42,"loc":{"start":{"line":42,"column":37},"end":{"line":43,"column":41}},"locations":[{"start":{"line":42,"column":37},"end":{"line":43,"column":41}}]},"15":{"type":"branch","line":43,"loc":{"start":{"line":43,"column":41},"end":{"line":44,"column":41}},"locations":[{"start":{"line":43,"column":41},"end":{"line":44,"column":41}}]},"16":{"type":"branch","line":45,"loc":{"start":{"line":45,"column":8},"end":{"line":51,"column":7}},"locations":[{"start":{"line":45,"column":8},"end":{"line":51,"column":7}}]},"17":{"type":"branch","line":56,"loc":{"start":{"line":56,"column":44},"end":{"line":70,"column":3}},"locations":[{"start":{"line":56,"column":44},"end":{"line":70,"column":3}}]},"18":{"type":"branch","line":57,"loc":{"start":{"line":57,"column":46},"end":{"line":69,"column":5}},"locations":[{"start":{"line":57,"column":46},"end":{"line":69,"column":5}}]},"19":{"type":"branch","line":59,"loc":{"start":{"line":59,"column":37},"end":{"line":60,"column":45}},"locations":[{"start":{"line":59,"column":37},"end":{"line":60,"column":45}}]},"20":{"type":"branch","line":60,"loc":{"start":{"line":60,"column":45},"end":{"line":61,"column":45}},"locations":[{"start":{"line":60,"column":45},"end":{"line":61,"column":45}}]},"21":{"type":"branch","line":62,"loc":{"start":{"line":62,"column":8},"end":{"line":68,"column":7}},"locations":[{"start":{"line":62,"column":8},"end":{"line":68,"column":7}}]},"22":{"type":"branch","line":73,"loc":{"start":{"line":73,"column":44},"end":{"line":87,"column":3}},"locations":[{"start":{"line":73,"column":44},"end":{"line":87,"column":3}}]},"23":{"type":"branch","line":74,"loc":{"start":{"line":74,"column":58},"end":{"line":86,"column":5}},"locations":[{"start":{"line":74,"column":58},"end":{"line":86,"column":5}}]},"24":{"type":"branch","line":76,"loc":{"start":{"line":76,"column":37},"end":{"line":77,"column":45}},"locations":[{"start":{"line":76,"column":37},"end":{"line":77,"column":45}}]},"25":{"type":"branch","line":77,"loc":{"start":{"line":77,"column":45},"end":{"line":78,"column":45}},"locations":[{"start":{"line":77,"column":45},"end":{"line":78,"column":45}}]},"26":{"type":"branch","line":79,"loc":{"start":{"line":79,"column":8},"end":{"line":85,"column":7}},"locations":[{"start":{"line":79,"column":8},"end":{"line":85,"column":7}}]},"27":{"type":"branch","line":92,"loc":{"start":{"line":92,"column":31},"end":{"line":104,"column":2}},"locations":[{"start":{"line":92,"column":31},"end":{"line":104,"column":2}}]},"28":{"type":"branch","line":94,"loc":{"start":{"line":94,"column":30},"end":{"line":94,"column":42}},"locations":[{"start":{"line":94,"column":30},"end":{"line":94,"column":42}}]},"29":{"type":"branch","line":96,"loc":{"start":{"line":96,"column":17},"end":{"line":101,"column":3}},"locations":[{"start":{"line":96,"column":17},"end":{"line":101,"column":3}}]},"30":{"type":"branch","line":98,"loc":{"start":{"line":98,"column":18},"end":{"line":100,"column":5}},"locations":[{"start":{"line":98,"column":18},"end":{"line":100,"column":5}}]},"31":{"type":"branch","line":106,"loc":{"start":{"line":106,"column":20},"end":{"line":195,"column":2}},"locations":[{"start":{"line":106,"column":20},"end":{"line":195,"column":2}}]},"32":{"type":"branch","line":110,"loc":{"start":{"line":110,"column":13},"end":{"line":110,"column":28}},"locations":[{"start":{"line":110,"column":13},"end":{"line":110,"column":28}}]},"33":{"type":"branch","line":110,"loc":{"start":{"line":110,"column":28},"end":{"line":110,"column":39}},"locations":[{"start":{"line":110,"column":28},"end":{"line":110,"column":39}}]},"34":{"type":"branch","line":110,"loc":{"start":{"line":110,"column":39},"end":{"line":110,"column":54}},"locations":[{"start":{"line":110,"column":39},"end":{"line":110,"column":54}}]},"35":{"type":"branch","line":110,"loc":{"start":{"line":110,"column":56},"end":{"line":112,"column":3}},"locations":[{"start":{"line":110,"column":56},"end":{"line":112,"column":3}}]},"36":{"type":"branch","line":112,"loc":{"start":{"line":112,"column":2},"end":{"line":116,"column":21}},"locations":[{"start":{"line":112,"column":2},"end":{"line":116,"column":21}}]},"37":{"type":"branch","line":116,"loc":{"start":{"line":116,"column":21},"end":{"line":118,"column":3}},"locations":[{"start":{"line":116,"column":21},"end":{"line":118,"column":3}}]},"38":{"type":"branch","line":118,"loc":{"start":{"line":118,"column":2},"end":{"line":195,"column":2}},"locations":[{"start":{"line":118,"column":2},"end":{"line":195,"column":2}}]},"39":{"type":"branch","line":107,"loc":{"start":{"line":107,"column":30},"end":{"line":107,"column":42}},"locations":[{"start":{"line":107,"column":30},"end":{"line":107,"column":42}}]},"40":{"type":"branch","line":131,"loc":{"start":{"line":131,"column":21},"end":{"line":192,"column":3}},"locations":[{"start":{"line":131,"column":21},"end":{"line":192,"column":3}}]},"41":{"type":"branch","line":136,"loc":{"start":{"line":136,"column":22},"end":{"line":137,"column":24}},"locations":[{"start":{"line":136,"column":22},"end":{"line":137,"column":24}}]},"42":{"type":"branch","line":137,"loc":{"start":{"line":137,"column":24},"end":{"line":138,"column":22}},"locations":[{"start":{"line":137,"column":24},"end":{"line":138,"column":22}}]},"43":{"type":"branch","line":138,"loc":{"start":{"line":138,"column":22},"end":{"line":139,"column":24}},"locations":[{"start":{"line":138,"column":22},"end":{"line":139,"column":24}}]},"44":{"type":"branch","line":139,"loc":{"start":{"line":139,"column":24},"end":{"line":140,"column":40}},"locations":[{"start":{"line":139,"column":24},"end":{"line":140,"column":40}}]},"45":{"type":"branch","line":141,"loc":{"start":{"line":141,"column":6},"end":{"line":191,"column":5}},"locations":[{"start":{"line":141,"column":6},"end":{"line":191,"column":5}}]},"46":{"type":"branch","line":149,"loc":{"start":{"line":149,"column":34},"end":{"line":149,"column":58}},"locations":[{"start":{"line":149,"column":34},"end":{"line":149,"column":58}}]},"47":{"type":"branch","line":149,"loc":{"start":{"line":149,"column":60},"end":{"line":151,"column":7}},"locations":[{"start":{"line":149,"column":60},"end":{"line":151,"column":7}}]},"48":{"type":"branch","line":151,"loc":{"start":{"line":151,"column":6},"end":{"line":152,"column":33}},"locations":[{"start":{"line":151,"column":6},"end":{"line":152,"column":33}}]},"49":{"type":"branch","line":152,"loc":{"start":{"line":152,"column":33},"end":{"line":154,"column":7}},"locations":[{"start":{"line":152,"column":33},"end":{"line":154,"column":7}}]},"50":{"type":"branch","line":154,"loc":{"start":{"line":154,"column":6},"end":{"line":160,"column":23}},"locations":[{"start":{"line":154,"column":6},"end":{"line":160,"column":23}}]},"51":{"type":"branch","line":160,"loc":{"start":{"line":160,"column":20},"end":{"line":161,"column":22}},"locations":[{"start":{"line":160,"column":20},"end":{"line":161,"column":22}}]},"52":{"type":"branch","line":161,"loc":{"start":{"line":161,"column":22},"end":{"line":162,"column":20}},"locations":[{"start":{"line":161,"column":22},"end":{"line":162,"column":20}}]},"53":{"type":"branch","line":162,"loc":{"start":{"line":162,"column":20},"end":{"line":163,"column":22}},"locations":[{"start":{"line":162,"column":20},"end":{"line":163,"column":22}}]},"54":{"type":"branch","line":163,"loc":{"start":{"line":163,"column":22},"end":{"line":164,"column":34}},"locations":[{"start":{"line":163,"column":22},"end":{"line":164,"column":34}}]},"55":{"type":"branch","line":165,"loc":{"start":{"line":165,"column":8},"end":{"line":176,"column":24}},"locations":[{"start":{"line":165,"column":8},"end":{"line":176,"column":24}}]},"56":{"type":"branch","line":176,"loc":{"start":{"line":176,"column":21},"end":{"line":177,"column":25}},"locations":[{"start":{"line":176,"column":21},"end":{"line":177,"column":25}}]},"57":{"type":"branch","line":177,"loc":{"start":{"line":177,"column":25},"end":{"line":178,"column":21}},"locations":[{"start":{"line":177,"column":25},"end":{"line":178,"column":21}}]},"58":{"type":"branch","line":178,"loc":{"start":{"line":178,"column":21},"end":{"line":179,"column":25}},"locations":[{"start":{"line":178,"column":21},"end":{"line":179,"column":25}}]},"59":{"type":"branch","line":180,"loc":{"start":{"line":180,"column":8},"end":{"line":189,"column":7}},"locations":[{"start":{"line":180,"column":8},"end":{"line":189,"column":7}}]},"60":{"type":"branch","line":197,"loc":{"start":{"line":197,"column":33},"end":{"line":221,"column":2}},"locations":[{"start":{"line":197,"column":33},"end":{"line":221,"column":2}}]},"61":{"type":"branch","line":202,"loc":{"start":{"line":202,"column":27},"end":{"line":204,"column":3}},"locations":[{"start":{"line":202,"column":27},"end":{"line":204,"column":3}}]},"62":{"type":"branch","line":204,"loc":{"start":{"line":204,"column":2},"end":{"line":208,"column":39}},"locations":[{"start":{"line":204,"column":2},"end":{"line":208,"column":39}}]},"63":{"type":"branch","line":208,"loc":{"start":{"line":208,"column":39},"end":{"line":214,"column":3}},"locations":[{"start":{"line":208,"column":39},"end":{"line":214,"column":3}}]},"64":{"type":"branch","line":209,"loc":{"start":{"line":209,"column":41},"end":{"line":213,"column":5}},"locations":[{"start":{"line":209,"column":41},"end":{"line":213,"column":5}}]},"65":{"type":"branch","line":210,"loc":{"start":{"line":210,"column":45},"end":{"line":212,"column":7}},"locations":[{"start":{"line":210,"column":45},"end":{"line":212,"column":7}}]},"66":{"type":"branch","line":214,"loc":{"start":{"line":214,"column":2},"end":{"line":216,"column":21}},"locations":[{"start":{"line":214,"column":2},"end":{"line":216,"column":21}}]},"67":{"type":"branch","line":216,"loc":{"start":{"line":216,"column":21},"end":{"line":218,"column":3}},"locations":[{"start":{"line":216,"column":21},"end":{"line":218,"column":3}}]},"68":{"type":"branch","line":218,"loc":{"start":{"line":218,"column":2},"end":{"line":221,"column":2}},"locations":[{"start":{"line":218,"column":2},"end":{"line":221,"column":2}}]},"69":{"type":"branch","line":223,"loc":{"start":{"line":223,"column":31},"end":{"line":232,"column":2}},"locations":[{"start":{"line":223,"column":31},"end":{"line":232,"column":2}}]},"70":{"type":"branch","line":234,"loc":{"start":{"line":234,"column":24},"end":{"line":299,"column":2}},"locations":[{"start":{"line":234,"column":24},"end":{"line":299,"column":2}}]},"71":{"type":"branch","line":236,"loc":{"start":{"line":236,"column":42},"end":{"line":238,"column":3}},"locations":[{"start":{"line":236,"column":42},"end":{"line":238,"column":3}}]},"72":{"type":"branch","line":238,"loc":{"start":{"line":238,"column":2},"end":{"line":241,"column":32}},"locations":[{"start":{"line":238,"column":2},"end":{"line":241,"column":32}}]},"73":{"type":"branch","line":241,"loc":{"start":{"line":241,"column":28},"end":{"line":241,"column":51}},"locations":[{"start":{"line":241,"column":28},"end":{"line":241,"column":51}}]},"74":{"type":"branch","line":241,"loc":{"start":{"line":241,"column":53},"end":{"line":243,"column":3}},"locations":[{"start":{"line":241,"column":53},"end":{"line":243,"column":3}}]},"75":{"type":"branch","line":243,"loc":{"start":{"line":243,"column":2},"end":{"line":250,"column":32}},"locations":[{"start":{"line":243,"column":2},"end":{"line":250,"column":32}}]},"76":{"type":"branch","line":250,"loc":{"start":{"line":250,"column":28},"end":{"line":250,"column":58}},"locations":[{"start":{"line":250,"column":28},"end":{"line":250,"column":58}}]},"77":{"type":"branch","line":250,"loc":{"start":{"line":250,"column":60},"end":{"line":252,"column":3}},"locations":[{"start":{"line":250,"column":60},"end":{"line":252,"column":3}}]},"78":{"type":"branch","line":252,"loc":{"start":{"line":252,"column":2},"end":{"line":253,"column":29}},"locations":[{"start":{"line":252,"column":2},"end":{"line":253,"column":29}}]},"79":{"type":"branch","line":253,"loc":{"start":{"line":253,"column":25},"end":{"line":253,"column":52}},"locations":[{"start":{"line":253,"column":25},"end":{"line":253,"column":52}}]},"80":{"type":"branch","line":253,"loc":{"start":{"line":253,"column":54},"end":{"line":255,"column":3}},"locations":[{"start":{"line":253,"column":54},"end":{"line":255,"column":3}}]},"81":{"type":"branch","line":255,"loc":{"start":{"line":255,"column":2},"end":{"line":279,"column":24}},"locations":[{"start":{"line":255,"column":2},"end":{"line":279,"column":24}}]},"82":{"type":"branch","line":279,"loc":{"start":{"line":279,"column":24},"end":{"line":286,"column":3}},"locations":[{"start":{"line":279,"column":24},"end":{"line":286,"column":3}}]},"83":{"type":"branch","line":286,"loc":{"start":{"line":286,"column":2},"end":{"line":290,"column":14}},"locations":[{"start":{"line":286,"column":2},"end":{"line":290,"column":14}}]},"84":{"type":"branch","line":290,"loc":{"start":{"line":290,"column":14},"end":{"line":293,"column":3}},"locations":[{"start":{"line":290,"column":14},"end":{"line":293,"column":3}}]},"85":{"type":"branch","line":293,"loc":{"start":{"line":293,"column":2},"end":{"line":299,"column":2}},"locations":[{"start":{"line":293,"column":2},"end":{"line":299,"column":2}}]},"86":{"type":"branch","line":261,"loc":{"start":{"line":261,"column":35},"end":{"line":270,"column":5}},"locations":[{"start":{"line":261,"column":35},"end":{"line":270,"column":5}}]},"87":{"type":"branch","line":262,"loc":{"start":{"line":262,"column":45},"end":{"line":270,"column":5}},"locations":[{"start":{"line":262,"column":45},"end":{"line":270,"column":5}}]},"88":{"type":"branch","line":265,"loc":{"start":{"line":265,"column":62},"end":{"line":265,"column":79}},"locations":[{"start":{"line":265,"column":62},"end":{"line":265,"column":79}}]},"89":{"type":"branch","line":266,"loc":{"start":{"line":266,"column":35},"end":{"line":266,"column":53}},"locations":[{"start":{"line":266,"column":35},"end":{"line":266,"column":53}}]}},"b":{"0":[62],"1":[372],"2":[158],"3":[1],"4":[157],"5":[942],"6":[49],"7":[294],"8":[1176],"9":[106],"10":[44],"11":[24],"12":[294],"13":[1176],"14":[107],"15":[10],"16":[3],"17":[196],"18":[784],"19":[99],"20":[16],"21":[5],"22":[196],"23":[784],"24":[47],"25":[7],"26":[3],"27":[15],"28":[90],"29":[15],"30":[45],"31":[23],"32":[22],"33":[22],"34":[22],"35":[1],"36":[22],"37":[1],"38":[21],"39":[138],"40":[168],"41":[135],"42":[135],"43":[110],"44":[110],"45":[22],"46":[13],"47":[1],"48":[21],"49":[9],"50":[12],"51":[9],"52":[9],"53":[9],"54":[9],"55":[6],"56":[3],"57":[3],"58":[3],"59":[3],"60":[17],"61":[5],"62":[12],"63":[72],"64":[432],"65":[9],"66":[12],"67":[0],"68":[12],"69":[14],"70":[14],"71":[3],"72":[11],"73":[2],"74":[1],"75":[10],"76":[9],"77":[1],"78":[9],"79":[1],"80":[1],"81":[8],"82":[3],"83":[8],"84":[0],"85":[8],"86":[16],"87":[8],"88":[0],"89":[0]},"fnMap":{"0":{"name":"createBoard","decl":{"start":{"line":4,"column":27},"end":{"line":7,"column":38}},"loc":{"start":{"line":4,"column":27},"end":{"line":7,"column":38}},"line":4},"1":{"name":"placePiece","decl":{"start":{"line":9,"column":26},"end":{"line":16,"column":2}},"loc":{"start":{"line":9,"column":26},"end":{"line":16,"column":2}},"line":9},"2":{"name":"detectLines","decl":{"start":{"line":18,"column":27},"end":{"line":90,"column":2}},"loc":{"start":{"line":18,"column":27},"end":{"line":90,"column":2}},"line":18},"3":{"name":"graduateKittens","decl":{"start":{"line":92,"column":31},"end":{"line":104,"column":2}},"loc":{"start":{"line":92,"column":31},"end":{"line":104,"column":2}},"line":92},"4":{"name":"boop","decl":{"start":{"line":106,"column":20},"end":{"line":195,"column":2}},"loc":{"start":{"line":106,"column":20},"end":{"line":195,"column":2}},"line":106},"5":{"name":"checkWinCondition","decl":{"start":{"line":197,"column":33},"end":{"line":221,"column":2}},"loc":{"start":{"line":197,"column":33},"end":{"line":221,"column":2}},"line":197},"6":{"name":"createGameState","decl":{"start":{"line":223,"column":31},"end":{"line":232,"column":2}},"loc":{"start":{"line":223,"column":31},"end":{"line":232,"column":2}},"line":223},"7":{"name":"makeMove","decl":{"start":{"line":234,"column":24},"end":{"line":299,"column":2}},"loc":{"start":{"line":234,"column":24},"end":{"line":299,"column":2}},"line":234}},"f":{"0":62,"1":158,"2":49,"3":15,"4":23,"5":17,"6":14,"7":14}}
}
