{"/workspaces/Boop/src/app.jsx": {"path":"/workspaces/Boop/src/app.jsx","all":false,"statementMap":{"0":{"start":{"line":1,"column":0},"end":{"line":1,"column":53}},"1":{"start":{"line":2,"column":0},"end":{"line":2,"column":51}},"2":{"start":{"line":3,"column":0},"end":{"line":3,"column":19}},"4":{"start":{"line":5,"column":0},"end":{"line":5,"column":23}},"5":{"start":{"line":6,"column":0},"end":{"line":6,"column":64}},"6":{"start":{"line":7,"column":0},"end":{"line":7,"column":59}},"7":{"start":{"line":8,"column":0},"end":{"line":8,"column":57}},"9":{"start":{"line":10,"column":0},"end":{"line":10,"column":67}},"12":{"start":{"line":13,"column":0},"end":{"line":13,"column":36}},"13":{"start":{"line":14,"column":0},"end":{"line":14,"column":22}},"14":{"start":{"line":15,"column":0},"end":{"line":15,"column":57}},"15":{"start":{"line":16,"column":0},"end":{"line":16,"column":51}},"16":{"start":{"line":17,"column":0},"end":{"line":17,"column":18}},"17":{"start":{"line":18,"column":0},"end":{"line":18,"column":4}},"19":{"start":{"line":20,"column":0},"end":{"line":20,"column":47}},"22":{"start":{"line":23,"column":0},"end":{"line":23,"column":32}},"23":{"start":{"line":24,"column":0},"end":{"line":24,"column":70}},"26":{"start":{"line":27,"column":0},"end":{"line":27,"column":56}},"27":{"start":{"line":28,"column":0},"end":{"line":28,"column":32}},"28":{"start":{"line":29,"column":0},"end":{"line":29,"column":9}},"29":{"start":{"line":30,"column":0},"end":{"line":30,"column":57}},"30":{"start":{"line":31,"column":0},"end":{"line":31,"column":31}},"31":{"start":{"line":32,"column":0},"end":{"line":32,"column":42}},"32":{"start":{"line":33,"column":0},"end":{"line":33,"column":9}},"33":{"start":{"line":34,"column":0},"end":{"line":34,"column":40}},"34":{"start":{"line":35,"column":0},"end":{"line":35,"column":38}},"35":{"start":{"line":36,"column":0},"end":{"line":36,"column":24}},"36":{"start":{"line":37,"column":0},"end":{"line":37,"column":4}},"37":{"start":{"line":38,"column":0},"end":{"line":38,"column":37}},"38":{"start":{"line":39,"column":0},"end":{"line":39,"column":35}},"39":{"start":{"line":40,"column":0},"end":{"line":40,"column":24}},"40":{"start":{"line":41,"column":0},"end":{"line":41,"column":4}},"41":{"start":{"line":42,"column":0},"end":{"line":42,"column":44}},"42":{"start":{"line":43,"column":0},"end":{"line":43,"column":40}},"43":{"start":{"line":44,"column":0},"end":{"line":44,"column":22}},"44":{"start":{"line":45,"column":0},"end":{"line":45,"column":4}},"45":{"start":{"line":46,"column":0},"end":{"line":46,"column":41}},"46":{"start":{"line":47,"column":0},"end":{"line":47,"column":37}},"47":{"start":{"line":48,"column":0},"end":{"line":48,"column":22}},"48":{"start":{"line":49,"column":0},"end":{"line":49,"column":4}},"51":{"start":{"line":52,"column":0},"end":{"line":52,"column":42}},"52":{"start":{"line":53,"column":0},"end":{"line":53,"column":19}},"53":{"start":{"line":54,"column":0},"end":{"line":54,"column":69}},"54":{"start":{"line":55,"column":0},"end":{"line":55,"column":15}},"55":{"start":{"line":56,"column":0},"end":{"line":56,"column":7}},"56":{"start":{"line":57,"column":0},"end":{"line":57,"column":50}},"57":{"start":{"line":58,"column":0},"end":{"line":58,"column":26}},"58":{"start":{"line":59,"column":0},"end":{"line":59,"column":15}},"59":{"start":{"line":60,"column":0},"end":{"line":60,"column":7}},"60":{"start":{"line":61,"column":0},"end":{"line":61,"column":67}},"61":{"start":{"line":62,"column":0},"end":{"line":62,"column":29}},"62":{"start":{"line":63,"column":0},"end":{"line":63,"column":39}},"63":{"start":{"line":64,"column":0},"end":{"line":64,"column":31}},"64":{"start":{"line":65,"column":0},"end":{"line":65,"column":7}},"65":{"start":{"line":66,"column":0},"end":{"line":66,"column":6}},"66":{"start":{"line":67,"column":0},"end":{"line":67,"column":64}},"67":{"start":{"line":68,"column":0},"end":{"line":68,"column":4}},"68":{"start":{"line":69,"column":0},"end":{"line":69,"column":37}},"69":{"start":{"line":70,"column":0},"end":{"line":70,"column":22}},"70":{"start":{"line":71,"column":0},"end":{"line":71,"column":25}},"71":{"start":{"line":72,"column":0},"end":{"line":72,"column":10}},"72":{"start":{"line":73,"column":0},"end":{"line":73,"column":29}},"73":{"start":{"line":74,"column":0},"end":{"line":74,"column":45}},"74":{"start":{"line":75,"column":0},"end":{"line":75,"column":21}},"75":{"start":{"line":76,"column":0},"end":{"line":76,"column":9}},"76":{"start":{"line":77,"column":0},"end":{"line":77,"column":30}},"77":{"start":{"line":78,"column":0},"end":{"line":78,"column":15}},"78":{"start":{"line":79,"column":0},"end":{"line":79,"column":7}},"79":{"start":{"line":80,"column":0},"end":{"line":80,"column":67}},"80":{"start":{"line":81,"column":0},"end":{"line":81,"column":29}},"81":{"start":{"line":82,"column":0},"end":{"line":82,"column":28}},"82":{"start":{"line":83,"column":0},"end":{"line":83,"column":6}},"83":{"start":{"line":84,"column":0},"end":{"line":84,"column":30}},"84":{"start":{"line":85,"column":0},"end":{"line":85,"column":4}},"85":{"start":{"line":86,"column":0},"end":{"line":86,"column":49}},"86":{"start":{"line":87,"column":0},"end":{"line":87,"column":23}},"87":{"start":{"line":88,"column":0},"end":{"line":88,"column":39}},"88":{"start":{"line":89,"column":0},"end":{"line":89,"column":9}},"91":{"start":{"line":92,"column":0},"end":{"line":92,"column":45}},"92":{"start":{"line":93,"column":0},"end":{"line":93,"column":36}},"93":{"start":{"line":94,"column":0},"end":{"line":94,"column":27}},"94":{"start":{"line":95,"column":0},"end":{"line":95,"column":26}},"95":{"start":{"line":96,"column":0},"end":{"line":96,"column":9}},"98":{"start":{"line":99,"column":0},"end":{"line":99,"column":43}},"99":{"start":{"line":100,"column":0},"end":{"line":100,"column":74}},"100":{"start":{"line":101,"column":0},"end":{"line":101,"column":26}},"101":{"start":{"line":102,"column":0},"end":{"line":102,"column":4}},"102":{"start":{"line":103,"column":0},"end":{"line":103,"column":38}},"103":{"start":{"line":104,"column":0},"end":{"line":104,"column":73}},"104":{"start":{"line":105,"column":0},"end":{"line":105,"column":21}},"105":{"start":{"line":106,"column":0},"end":{"line":106,"column":4}},"107":{"start":{"line":108,"column":0},"end":{"line":108,"column":34}},"108":{"start":{"line":109,"column":0},"end":{"line":109,"column":28}},"110":{"start":{"line":111,"column":0},"end":{"line":111,"column":44}},"111":{"start":{"line":112,"column":0},"end":{"line":112,"column":43}},"113":{"start":{"line":114,"column":0},"end":{"line":114,"column":12}},"114":{"start":{"line":115,"column":0},"end":{"line":115,"column":76}},"115":{"start":{"line":116,"column":0},"end":{"line":116,"column":41}},"116":{"start":{"line":117,"column":0},"end":{"line":117,"column":12}},"118":{"start":{"line":119,"column":0},"end":{"line":119,"column":4}},"121":{"start":{"line":122,"column":0},"end":{"line":122,"column":46}},"122":{"start":{"line":123,"column":0},"end":{"line":123,"column":68}},"123":{"start":{"line":124,"column":0},"end":{"line":124,"column":37}},"124":{"start":{"line":125,"column":0},"end":{"line":125,"column":68}},"125":{"start":{"line":126,"column":0},"end":{"line":126,"column":62}},"126":{"start":{"line":127,"column":0},"end":{"line":127,"column":41}},"127":{"start":{"line":128,"column":0},"end":{"line":128,"column":61}},"128":{"start":{"line":129,"column":0},"end":{"line":129,"column":84}},"129":{"start":{"line":130,"column":0},"end":{"line":130,"column":16}},"130":{"start":{"line":131,"column":0},"end":{"line":131,"column":55}},"132":{"start":{"line":133,"column":0},"end":{"line":133,"column":10}},"133":{"start":{"line":134,"column":0},"end":{"line":134,"column":25}},"134":{"start":{"line":135,"column":0},"end":{"line":135,"column":33}},"135":{"start":{"line":136,"column":0},"end":{"line":136,"column":27}},"136":{"start":{"line":137,"column":0},"end":{"line":137,"column":50}},"137":{"start":{"line":138,"column":0},"end":{"line":138,"column":15}},"139":{"start":{"line":140,"column":0},"end":{"line":140,"column":38}},"140":{"start":{"line":141,"column":0},"end":{"line":141,"column":35}},"141":{"start":{"line":142,"column":0},"end":{"line":142,"column":39}},"142":{"start":{"line":143,"column":0},"end":{"line":143,"column":64}},"145":{"start":{"line":146,"column":0},"end":{"line":146,"column":45}},"146":{"start":{"line":147,"column":0},"end":{"line":147,"column":41}},"147":{"start":{"line":148,"column":0},"end":{"line":148,"column":48}},"148":{"start":{"line":149,"column":0},"end":{"line":149,"column":56}},"149":{"start":{"line":150,"column":0},"end":{"line":150,"column":25}},"150":{"start":{"line":151,"column":0},"end":{"line":151,"column":33}},"151":{"start":{"line":152,"column":0},"end":{"line":152,"column":49}},"152":{"start":{"line":153,"column":0},"end":{"line":153,"column":75}},"154":{"start":{"line":155,"column":0},"end":{"line":155,"column":47}},"155":{"start":{"line":156,"column":0},"end":{"line":156,"column":29}},"156":{"start":{"line":157,"column":0},"end":{"line":157,"column":55}},"157":{"start":{"line":158,"column":0},"end":{"line":158,"column":49}},"159":{"start":{"line":160,"column":0},"end":{"line":160,"column":59}},"160":{"start":{"line":161,"column":0},"end":{"line":161,"column":65}},"161":{"start":{"line":162,"column":0},"end":{"line":162,"column":27}},"164":{"start":{"line":165,"column":0},"end":{"line":165,"column":53}},"165":{"start":{"line":166,"column":0},"end":{"line":166,"column":25}},"166":{"start":{"line":167,"column":0},"end":{"line":167,"column":33}},"167":{"start":{"line":168,"column":0},"end":{"line":168,"column":49}},"168":{"start":{"line":169,"column":0},"end":{"line":169,"column":72}},"170":{"start":{"line":171,"column":0},"end":{"line":171,"column":44}},"171":{"start":{"line":172,"column":0},"end":{"line":172,"column":29}},"172":{"start":{"line":173,"column":0},"end":{"line":173,"column":52}},"173":{"start":{"line":174,"column":0},"end":{"line":174,"column":46}},"175":{"start":{"line":176,"column":0},"end":{"line":176,"column":59}},"176":{"start":{"line":177,"column":0},"end":{"line":177,"column":59}},"177":{"start":{"line":178,"column":0},"end":{"line":178,"column":27}},"178":{"start":{"line":179,"column":0},"end":{"line":179,"column":18}},"179":{"start":{"line":180,"column":0},"end":{"line":180,"column":20}},"181":{"start":{"line":182,"column":0},"end":{"line":182,"column":42}},"182":{"start":{"line":183,"column":0},"end":{"line":183,"column":48}},"183":{"start":{"line":184,"column":0},"end":{"line":184,"column":47}},"184":{"start":{"line":185,"column":0},"end":{"line":185,"column":64}},"185":{"start":{"line":186,"column":0},"end":{"line":186,"column":60}},"186":{"start":{"line":187,"column":0},"end":{"line":187,"column":22}},"187":{"start":{"line":188,"column":0},"end":{"line":188,"column":16}},"188":{"start":{"line":189,"column":0},"end":{"line":189,"column":18}},"190":{"start":{"line":191,"column":0},"end":{"line":191,"column":43}},"191":{"start":{"line":192,"column":0},"end":{"line":192,"column":62}},"192":{"start":{"line":193,"column":0},"end":{"line":193,"column":56}},"193":{"start":{"line":194,"column":0},"end":{"line":194,"column":18}},"194":{"start":{"line":195,"column":0},"end":{"line":195,"column":16}},"196":{"start":{"line":197,"column":0},"end":{"line":197,"column":34}},"197":{"start":{"line":198,"column":0},"end":{"line":198,"column":39}},"198":{"start":{"line":199,"column":0},"end":{"line":199,"column":53}},"199":{"start":{"line":200,"column":0},"end":{"line":200,"column":73}},"201":{"start":{"line":202,"column":0},"end":{"line":202,"column":23}},"202":{"start":{"line":203,"column":0},"end":{"line":203,"column":18}},"203":{"start":{"line":204,"column":0},"end":{"line":204,"column":12}},"204":{"start":{"line":205,"column":0},"end":{"line":205,"column":14}},"206":{"start":{"line":207,"column":0},"end":{"line":207,"column":31}},"207":{"start":{"line":208,"column":0},"end":{"line":208,"column":51}},"208":{"start":{"line":209,"column":0},"end":{"line":209,"column":54}},"209":{"start":{"line":210,"column":0},"end":{"line":210,"column":44}},"210":{"start":{"line":211,"column":0},"end":{"line":211,"column":23}},"211":{"start":{"line":212,"column":0},"end":{"line":212,"column":49}},"212":{"start":{"line":213,"column":0},"end":{"line":213,"column":31}},"213":{"start":{"line":214,"column":0},"end":{"line":214,"column":62}},"214":{"start":{"line":215,"column":0},"end":{"line":215,"column":74}},"215":{"start":{"line":216,"column":0},"end":{"line":216,"column":71}},"217":{"start":{"line":218,"column":0},"end":{"line":218,"column":68}},"218":{"start":{"line":219,"column":0},"end":{"line":219,"column":49}},"219":{"start":{"line":220,"column":0},"end":{"line":220,"column":62}},"220":{"start":{"line":221,"column":0},"end":{"line":221,"column":57}},"222":{"start":{"line":223,"column":0},"end":{"line":223,"column":37}},"223":{"start":{"line":224,"column":0},"end":{"line":224,"column":25}},"224":{"start":{"line":225,"column":0},"end":{"line":225,"column":17}},"225":{"start":{"line":226,"column":0},"end":{"line":226,"column":18}},"226":{"start":{"line":227,"column":0},"end":{"line":227,"column":13}},"227":{"start":{"line":228,"column":0},"end":{"line":228,"column":14}},"229":{"start":{"line":230,"column":0},"end":{"line":230,"column":34}},"230":{"start":{"line":231,"column":0},"end":{"line":231,"column":40}},"231":{"start":{"line":232,"column":0},"end":{"line":232,"column":39}},"232":{"start":{"line":233,"column":0},"end":{"line":233,"column":16}},"234":{"start":{"line":235,"column":0},"end":{"line":235,"column":69}},"236":{"start":{"line":237,"column":0},"end":{"line":237,"column":19}},"237":{"start":{"line":238,"column":0},"end":{"line":238,"column":14}},"238":{"start":{"line":239,"column":0},"end":{"line":239,"column":12}},"239":{"start":{"line":240,"column":0},"end":{"line":240,"column":10}},"241":{"start":{"line":242,"column":0},"end":{"line":242,"column":1}}},"s":{"0":1,"1":1,"2":1,"4":1,"5":27,"6":27,"7":27,"9":27,"12":27,"13":27,"14":27,"15":27,"16":27,"17":27,"19":27,"22":27,"23":27,"26":27,"27":1,"28":27,"29":27,"30":0,"31":0,"32":27,"33":27,"34":27,"35":27,"36":27,"37":27,"38":27,"39":27,"40":27,"41":27,"42":27,"43":27,"44":27,"45":27,"46":27,"47":27,"48":27,"51":27,"52":27,"53":11,"54":2,"55":2,"56":9,"57":11,"58":0,"59":0,"60":9,"61":9,"62":11,"63":0,"64":0,"65":11,"66":27,"67":27,"68":27,"69":27,"70":0,"71":0,"72":0,"73":0,"74":0,"75":0,"76":0,"77":0,"78":0,"79":0,"80":0,"81":0,"82":0,"83":27,"84":27,"85":27,"86":0,"87":0,"88":27,"91":27,"92":2,"93":2,"94":2,"95":27,"98":27,"99":27,"100":27,"101":27,"102":27,"103":27,"104":27,"105":27,"107":27,"108":972,"110":13,"111":13,"113":13,"114":972,"115":972,"116":972,"118":972,"121":27,"122":27,"123":27,"124":27,"125":3,"126":27,"127":1,"128":27,"129":0,"130":27,"132":27,"133":27,"134":27,"135":27,"136":27,"137":27,"139":27,"140":27,"141":27,"142":27,"145":27,"146":27,"147":27,"148":27,"149":27,"150":27,"151":27,"152":27,"154":27,"155":27,"156":27,"157":27,"159":27,"160":27,"161":27,"164":27,"165":3,"166":3,"167":3,"168":3,"170":3,"171":3,"172":3,"173":3,"175":3,"176":3,"177":3,"178":27,"179":27,"181":27,"182":25,"183":25,"184":24,"185":25,"186":25,"187":27,"188":27,"190":27,"191":27,"192":27,"193":27,"194":27,"196":27,"197":0,"198":0,"199":0,"201":0,"202":0,"203":27,"204":27,"206":27,"207":27,"208":162,"209":162,"210":972,"211":972,"212":972,"213":972,"214":972,"215":972,"217":972,"218":972,"219":972,"220":972,"222":972,"223":972,"224":162,"225":162,"226":27,"227":27,"229":27,"230":27,"231":27,"232":27,"234":27,"236":27,"237":27,"238":27,"239":27,"241":27},"branchMap":{"0":{"type":"branch","line":5,"loc":{"start":{"line":5,"column":7},"end":{"line":242,"column":1}},"locations":[{"start":{"line":5,"column":7},"end":{"line":242,"column":1}}]},"1":{"type":"branch","line":24,"loc":{"start":{"line":24,"column":31},"end":{"line":24,"column":56}},"locations":[{"start":{"line":24,"column":31},"end":{"line":24,"column":56}}]},"2":{"type":"branch","line":24,"loc":{"start":{"line":24,"column":52},"end":{"line":24,"column":70}},"locations":[{"start":{"line":24,"column":52},"end":{"line":24,"column":70}}]},"3":{"type":"branch","line":153,"loc":{"start":{"line":153,"column":49},"end":{"line":153,"column":73}},"locations":[{"start":{"line":153,"column":49},"end":{"line":153,"column":73}}]},"4":{"type":"branch","line":153,"loc":{"start":{"line":153,"column":60},"end":{"line":153,"column":75}},"locations":[{"start":{"line":153,"column":60},"end":{"line":153,"column":75}}]},"5":{"type":"branch","line":165,"loc":{"start":{"line":165,"column":47},"end":{"line":178,"column":27}},"locations":[{"start":{"line":165,"column":47},"end":{"line":178,"column":27}}]},"6":{"type":"branch","line":169,"loc":{"start":{"line":169,"column":49},"end":{"line":169,"column":70}},"locations":[{"start":{"line":169,"column":49},"end":{"line":169,"column":70}}]},"7":{"type":"branch","line":169,"loc":{"start":{"line":169,"column":57},"end":{"line":169,"column":72}},"locations":[{"start":{"line":169,"column":57},"end":{"line":169,"column":72}}]},"8":{"type":"branch","line":182,"loc":{"start":{"line":182,"column":15},"end":{"line":187,"column":22}},"locations":[{"start":{"line":182,"column":15},"end":{"line":187,"column":22}}]},"9":{"type":"branch","line":184,"loc":{"start":{"line":184,"column":46},"end":{"line":185,"column":64}},"locations":[{"start":{"line":184,"column":46},"end":{"line":185,"column":64}}]},"10":{"type":"branch","line":185,"loc":{"start":{"line":185,"column":62},"end":{"line":186,"column":59}},"locations":[{"start":{"line":185,"column":62},"end":{"line":186,"column":59}}]},"11":{"type":"branch","line":197,"loc":{"start":{"line":197,"column":21},"end":{"line":203,"column":18}},"locations":[{"start":{"line":197,"column":21},"end":{"line":203,"column":18}}]},"12":{"type":"branch","line":13,"loc":{"start":{"line":13,"column":29},"end":{"line":18,"column":4}},"locations":[{"start":{"line":13,"column":29},"end":{"line":18,"column":4}}]},"13":{"type":"branch","line":16,"loc":{"start":{"line":16,"column":32},"end":{"line":16,"column":51}},"locations":[{"start":{"line":16,"column":32},"end":{"line":16,"column":51}}]},"14":{"type":"branch","line":27,"loc":{"start":{"line":27,"column":41},"end":{"line":29,"column":5}},"locations":[{"start":{"line":27,"column":41},"end":{"line":29,"column":5}}]},"15":{"type":"branch","line":39,"loc":{"start":{"line":39,"column":4},"end":{"line":39,"column":35}},"locations":[{"start":{"line":39,"column":4},"end":{"line":39,"column":35}}]},"16":{"type":"branch","line":53,"loc":{"start":{"line":53,"column":4},"end":{"line":66,"column":6}},"locations":[{"start":{"line":53,"column":4},"end":{"line":66,"column":6}}]},"17":{"type":"branch","line":54,"loc":{"start":{"line":54,"column":68},"end":{"line":56,"column":7}},"locations":[{"start":{"line":54,"column":68},"end":{"line":56,"column":7}}]},"18":{"type":"branch","line":56,"loc":{"start":{"line":56,"column":6},"end":{"line":58,"column":25}},"locations":[{"start":{"line":56,"column":6},"end":{"line":58,"column":25}}]},"19":{"type":"branch","line":58,"loc":{"start":{"line":58,"column":25},"end":{"line":60,"column":7}},"locations":[{"start":{"line":58,"column":25},"end":{"line":60,"column":7}}]},"20":{"type":"branch","line":60,"loc":{"start":{"line":60,"column":6},"end":{"line":63,"column":38}},"locations":[{"start":{"line":60,"column":6},"end":{"line":63,"column":38}}]},"21":{"type":"branch","line":63,"loc":{"start":{"line":63,"column":38},"end":{"line":65,"column":7}},"locations":[{"start":{"line":63,"column":38},"end":{"line":65,"column":7}}]},"22":{"type":"branch","line":92,"loc":{"start":{"line":92,"column":38},"end":{"line":96,"column":5}},"locations":[{"start":{"line":92,"column":38},"end":{"line":96,"column":5}}]},"23":{"type":"branch","line":100,"loc":{"start":{"line":100,"column":4},"end":{"line":100,"column":74}},"locations":[{"start":{"line":100,"column":4},"end":{"line":100,"column":74}}]},"24":{"type":"branch","line":100,"loc":{"start":{"line":100,"column":28},"end":{"line":100,"column":74}},"locations":[{"start":{"line":100,"column":28},"end":{"line":100,"column":74}}]},"25":{"type":"branch","line":104,"loc":{"start":{"line":104,"column":4},"end":{"line":104,"column":73}},"locations":[{"start":{"line":104,"column":4},"end":{"line":104,"column":73}}]},"26":{"type":"branch","line":108,"loc":{"start":{"line":108,"column":23},"end":{"line":119,"column":4}},"locations":[{"start":{"line":108,"column":23},"end":{"line":119,"column":4}}]},"27":{"type":"branch","line":109,"loc":{"start":{"line":109,"column":16},"end":{"line":109,"column":28}},"locations":[{"start":{"line":109,"column":16},"end":{"line":109,"column":28}}]},"28":{"type":"branch","line":109,"loc":{"start":{"line":109,"column":23},"end":{"line":115,"column":51}},"locations":[{"start":{"line":109,"column":23},"end":{"line":115,"column":51}}]},"29":{"type":"branch","line":115,"loc":{"start":{"line":115,"column":39},"end":{"line":115,"column":63}},"locations":[{"start":{"line":115,"column":39},"end":{"line":115,"column":63}}]},"30":{"type":"branch","line":115,"loc":{"start":{"line":115,"column":51},"end":{"line":115,"column":72}},"locations":[{"start":{"line":115,"column":51},"end":{"line":115,"column":72}}]},"31":{"type":"branch","line":116,"loc":{"start":{"line":116,"column":18},"end":{"line":116,"column":36}},"locations":[{"start":{"line":116,"column":18},"end":{"line":116,"column":36}}]},"32":{"type":"branch","line":116,"loc":{"start":{"line":116,"column":29},"end":{"line":116,"column":40}},"locations":[{"start":{"line":116,"column":29},"end":{"line":116,"column":40}}]},"33":{"type":"branch","line":122,"loc":{"start":{"line":122,"column":39},"end":{"line":131,"column":5}},"locations":[{"start":{"line":122,"column":39},"end":{"line":131,"column":5}}]},"34":{"type":"branch","line":123,"loc":{"start":{"line":123,"column":38},"end":{"line":123,"column":68}},"locations":[{"start":{"line":123,"column":38},"end":{"line":123,"column":68}}]},"35":{"type":"branch","line":125,"loc":{"start":{"line":125,"column":6},"end":{"line":125,"column":68}},"locations":[{"start":{"line":125,"column":6},"end":{"line":125,"column":68}}]},"36":{"type":"branch","line":125,"loc":{"start":{"line":125,"column":65},"end":{"line":126,"column":62}},"locations":[{"start":{"line":125,"column":65},"end":{"line":126,"column":62}}]},"37":{"type":"branch","line":127,"loc":{"start":{"line":127,"column":6},"end":{"line":127,"column":41}},"locations":[{"start":{"line":127,"column":6},"end":{"line":127,"column":41}}]},"38":{"type":"branch","line":127,"loc":{"start":{"line":127,"column":13},"end":{"line":128,"column":61}},"locations":[{"start":{"line":127,"column":13},"end":{"line":128,"column":61}}]},"39":{"type":"branch","line":129,"loc":{"start":{"line":129,"column":6},"end":{"line":129,"column":84}},"locations":[{"start":{"line":129,"column":6},"end":{"line":129,"column":84}}]},"40":{"type":"branch","line":129,"loc":{"start":{"line":129,"column":65},"end":{"line":130,"column":16}},"locations":[{"start":{"line":129,"column":65},"end":{"line":130,"column":16}}]},"41":{"type":"branch","line":208,"loc":{"start":{"line":208,"column":31},"end":{"line":226,"column":18}},"locations":[{"start":{"line":208,"column":31},"end":{"line":226,"column":18}}]},"42":{"type":"branch","line":210,"loc":{"start":{"line":210,"column":23},"end":{"line":224,"column":25}},"locations":[{"start":{"line":210,"column":23},"end":{"line":224,"column":25}}]},"43":{"type":"branch","line":215,"loc":{"start":{"line":215,"column":43},"end":{"line":215,"column":63}},"locations":[{"start":{"line":215,"column":43},"end":{"line":215,"column":63}}]},"44":{"type":"branch","line":215,"loc":{"start":{"line":215,"column":50},"end":{"line":215,"column":70}},"locations":[{"start":{"line":215,"column":50},"end":{"line":215,"column":70}}]},"45":{"type":"branch","line":216,"loc":{"start":{"line":216,"column":20},"end":{"line":216,"column":54}},"locations":[{"start":{"line":216,"column":20},"end":{"line":216,"column":54}}]},"46":{"type":"branch","line":216,"loc":{"start":{"line":216,"column":47},"end":{"line":216,"column":69}},"locations":[{"start":{"line":216,"column":47},"end":{"line":216,"column":69}}]},"47":{"type":"branch","line":216,"loc":{"start":{"line":216,"column":54},"end":{"line":216,"column":71}},"locations":[{"start":{"line":216,"column":54},"end":{"line":216,"column":71}}]},"48":{"type":"branch","line":221,"loc":{"start":{"line":221,"column":30},"end":{"line":221,"column":57}},"locations":[{"start":{"line":221,"column":30},"end":{"line":221,"column":57}}]}},"b":{"0":[27],"1":[24],"2":[3],"3":[24],"4":[3],"5":[3],"6":[1],"7":[2],"8":[25],"9":[24],"10":[1],"11":[0],"12":[27],"13":[3],"14":[1],"15":[1],"16":[11],"17":[2],"18":[9],"19":[0],"20":[9],"21":[0],"22":[2],"23":[972],"24":[11],"25":[972],"26":[972],"27":[959],"28":[13],"29":[10],"30":[3],"31":[13],"32":[0],"33":[27],"34":[0],"35":[24],"36":[3],"37":[2],"38":[1],"39":[1],"40":[0],"41":[162],"42":[972],"43":[13],"44":[959],"45":[900],"46":[887],"47":[85],"48":[959]},"fnMap":{"0":{"name":"App","decl":{"start":{"line":5,"column":7},"end":{"line":242,"column":1}},"loc":{"start":{"line":5,"column":7},"end":{"line":242,"column":1}},"line":5},"1":{"name":"getAvailablePieces","decl":{"start":{"line":13,"column":29},"end":{"line":18,"column":4}},"loc":{"start":{"line":13,"column":29},"end":{"line":18,"column":4}},"line":13},"2":{"name":"renderPiece","decl":{"start":{"line":108,"column":23},"end":{"line":119,"column":4}},"loc":{"start":{"line":108,"column":23},"end":{"line":119,"column":4}},"line":108}},"f":{"0":27,"1":27,"2":972}}
,"/workspaces/Boop/src/game.js": {"path":"/workspaces/Boop/src/game.js","all":false,"statementMap":{"0":{"start":{"line":1,"column":0},"end":{"line":1,"column":22}},"1":{"start":{"line":2,"column":0},"end":{"line":2,"column":22}},"3":{"start":{"line":4,"column":0},"end":{"line":4,"column":32}},"4":{"start":{"line":5,"column":0},"end":{"line":5,"column":13}},"5":{"start":{"line":6,"column":0},"end":{"line":6,"column":15}},"6":{"start":{"line":7,"column":0},"end":{"line":7,"column":39}},"8":{"start":{"line":9,"column":0},"end":{"line":9,"column":55}},"9":{"start":{"line":10,"column":0},"end":{"line":10,"column":24}},"10":{"start":{"line":11,"column":0},"end":{"line":11,"column":43}},"11":{"start":{"line":12,"column":0},"end":{"line":12,"column":3}},"12":{"start":{"line":13,"column":0},"end":{"line":13,"column":44}},"13":{"start":{"line":14,"column":0},"end":{"line":14,"column":29}},"14":{"start":{"line":15,"column":0},"end":{"line":15,"column":18}},"15":{"start":{"line":16,"column":0},"end":{"line":16,"column":2}},"17":{"start":{"line":18,"column":0},"end":{"line":18,"column":50}},"18":{"start":{"line":19,"column":0},"end":{"line":19,"column":19}},"20":{"start":{"line":21,"column":0},"end":{"line":21,"column":27}},"21":{"start":{"line":22,"column":0},"end":{"line":22,"column":40}},"22":{"start":{"line":23,"column":0},"end":{"line":23,"column":47}},"23":{"start":{"line":24,"column":0},"end":{"line":24,"column":10}},"24":{"start":{"line":25,"column":0},"end":{"line":25,"column":40}},"25":{"start":{"line":26,"column":0},"end":{"line":26,"column":44}},"26":{"start":{"line":27,"column":0},"end":{"line":27,"column":41}},"27":{"start":{"line":28,"column":0},"end":{"line":28,"column":9}},"28":{"start":{"line":29,"column":0},"end":{"line":29,"column":20}},"29":{"start":{"line":30,"column":0},"end":{"line":30,"column":23}},"30":{"start":{"line":31,"column":0},"end":{"line":31,"column":32}},"31":{"start":{"line":32,"column":0},"end":{"line":32,"column":32}},"32":{"start":{"line":33,"column":0},"end":{"line":33,"column":11}},"33":{"start":{"line":34,"column":0},"end":{"line":34,"column":7}},"34":{"start":{"line":35,"column":0},"end":{"line":35,"column":5}},"35":{"start":{"line":36,"column":0},"end":{"line":36,"column":3}},"37":{"start":{"line":38,"column":0},"end":{"line":38,"column":25}},"38":{"start":{"line":39,"column":0},"end":{"line":39,"column":40}},"39":{"start":{"line":40,"column":0},"end":{"line":40,"column":47}},"40":{"start":{"line":41,"column":0},"end":{"line":41,"column":10}},"41":{"start":{"line":42,"column":0},"end":{"line":42,"column":40}},"42":{"start":{"line":43,"column":0},"end":{"line":43,"column":44}},"43":{"start":{"line":44,"column":0},"end":{"line":44,"column":41}},"44":{"start":{"line":45,"column":0},"end":{"line":45,"column":9}},"45":{"start":{"line":46,"column":0},"end":{"line":46,"column":20}},"46":{"start":{"line":47,"column":0},"end":{"line":47,"column":23}},"47":{"start":{"line":48,"column":0},"end":{"line":48,"column":32}},"48":{"start":{"line":49,"column":0},"end":{"line":49,"column":32}},"49":{"start":{"line":50,"column":0},"end":{"line":50,"column":11}},"50":{"start":{"line":51,"column":0},"end":{"line":51,"column":7}},"51":{"start":{"line":52,"column":0},"end":{"line":52,"column":5}},"52":{"start":{"line":53,"column":0},"end":{"line":53,"column":3}},"54":{"start":{"line":55,"column":0},"end":{"line":55,"column":52}},"55":{"start":{"line":56,"column":0},"end":{"line":56,"column":45}},"56":{"start":{"line":57,"column":0},"end":{"line":57,"column":47}},"57":{"start":{"line":58,"column":0},"end":{"line":58,"column":10}},"58":{"start":{"line":59,"column":0},"end":{"line":59,"column":40}},"59":{"start":{"line":60,"column":0},"end":{"line":60,"column":48}},"60":{"start":{"line":61,"column":0},"end":{"line":61,"column":45}},"61":{"start":{"line":62,"column":0},"end":{"line":62,"column":9}},"62":{"start":{"line":63,"column":0},"end":{"line":63,"column":20}},"63":{"start":{"line":64,"column":0},"end":{"line":64,"column":23}},"64":{"start":{"line":65,"column":0},"end":{"line":65,"column":41}},"65":{"start":{"line":66,"column":0},"end":{"line":66,"column":41}},"66":{"start":{"line":67,"column":0},"end":{"line":67,"column":11}},"67":{"start":{"line":68,"column":0},"end":{"line":68,"column":7}},"68":{"start":{"line":69,"column":0},"end":{"line":69,"column":5}},"69":{"start":{"line":70,"column":0},"end":{"line":70,"column":3}},"71":{"start":{"line":72,"column":0},"end":{"line":72,"column":52}},"72":{"start":{"line":73,"column":0},"end":{"line":73,"column":45}},"73":{"start":{"line":74,"column":0},"end":{"line":74,"column":59}},"74":{"start":{"line":75,"column":0},"end":{"line":75,"column":10}},"75":{"start":{"line":76,"column":0},"end":{"line":76,"column":40}},"76":{"start":{"line":77,"column":0},"end":{"line":77,"column":48}},"77":{"start":{"line":78,"column":0},"end":{"line":78,"column":45}},"78":{"start":{"line":79,"column":0},"end":{"line":79,"column":9}},"79":{"start":{"line":80,"column":0},"end":{"line":80,"column":20}},"80":{"start":{"line":81,"column":0},"end":{"line":81,"column":23}},"81":{"start":{"line":82,"column":0},"end":{"line":82,"column":41}},"82":{"start":{"line":83,"column":0},"end":{"line":83,"column":41}},"83":{"start":{"line":84,"column":0},"end":{"line":84,"column":11}},"84":{"start":{"line":85,"column":0},"end":{"line":85,"column":7}},"85":{"start":{"line":86,"column":0},"end":{"line":86,"column":5}},"86":{"start":{"line":87,"column":0},"end":{"line":87,"column":3}},"88":{"start":{"line":89,"column":0},"end":{"line":89,"column":15}},"89":{"start":{"line":90,"column":0},"end":{"line":90,"column":2}},"91":{"start":{"line":92,"column":0},"end":{"line":92,"column":50}},"92":{"start":{"line":93,"column":0},"end":{"line":93,"column":25}},"93":{"start":{"line":94,"column":0},"end":{"line":94,"column":44}},"94":{"start":{"line":95,"column":0},"end":{"line":95,"column":33}},"96":{"start":{"line":97,"column":0},"end":{"line":97,"column":27}},"97":{"start":{"line":98,"column":0},"end":{"line":98,"column":27}},"98":{"start":{"line":99,"column":0},"end":{"line":99,"column":42}},"99":{"start":{"line":100,"column":0},"end":{"line":100,"column":35}},"100":{"start":{"line":101,"column":0},"end":{"line":101,"column":30}},"101":{"start":{"line":102,"column":0},"end":{"line":102,"column":42}},"102":{"start":{"line":103,"column":0},"end":{"line":103,"column":25}},"103":{"start":{"line":104,"column":0},"end":{"line":104,"column":7}},"104":{"start":{"line":105,"column":0},"end":{"line":105,"column":7}},"105":{"start":{"line":106,"column":0},"end":{"line":106,"column":5}},"107":{"start":{"line":108,"column":0},"end":{"line":108,"column":38}},"108":{"start":{"line":109,"column":0},"end":{"line":109,"column":2}},"110":{"start":{"line":111,"column":0},"end":{"line":111,"column":42}},"111":{"start":{"line":112,"column":0},"end":{"line":112,"column":44}},"113":{"start":{"line":114,"column":0},"end":{"line":114,"column":31}},"114":{"start":{"line":115,"column":0},"end":{"line":115,"column":57}},"115":{"start":{"line":116,"column":0},"end":{"line":116,"column":20}},"116":{"start":{"line":117,"column":0},"end":{"line":117,"column":3}},"118":{"start":{"line":119,"column":0},"end":{"line":119,"column":42}},"120":{"start":{"line":121,"column":0},"end":{"line":121,"column":22}},"121":{"start":{"line":122,"column":0},"end":{"line":122,"column":20}},"122":{"start":{"line":123,"column":0},"end":{"line":123,"column":3}},"124":{"start":{"line":125,"column":0},"end":{"line":125,"column":22}},"125":{"start":{"line":126,"column":0},"end":{"line":126,"column":13}},"126":{"start":{"line":127,"column":0},"end":{"line":127,"column":12}},"127":{"start":{"line":128,"column":0},"end":{"line":128,"column":12}},"128":{"start":{"line":129,"column":0},"end":{"line":129,"column":12}},"129":{"start":{"line":130,"column":0},"end":{"line":130,"column":11}},"130":{"start":{"line":131,"column":0},"end":{"line":131,"column":12}},"131":{"start":{"line":132,"column":0},"end":{"line":132,"column":11}},"132":{"start":{"line":133,"column":0},"end":{"line":133,"column":11}},"133":{"start":{"line":134,"column":0},"end":{"line":134,"column":4}},"135":{"start":{"line":136,"column":0},"end":{"line":136,"column":40}},"136":{"start":{"line":137,"column":0},"end":{"line":137,"column":35}},"137":{"start":{"line":138,"column":0},"end":{"line":138,"column":35}},"139":{"start":{"line":140,"column":0},"end":{"line":140,"column":8}},"140":{"start":{"line":141,"column":0},"end":{"line":141,"column":25}},"141":{"start":{"line":142,"column":0},"end":{"line":142,"column":27}},"142":{"start":{"line":143,"column":0},"end":{"line":143,"column":25}},"143":{"start":{"line":144,"column":0},"end":{"line":144,"column":27}},"144":{"start":{"line":145,"column":0},"end":{"line":145,"column":40}},"145":{"start":{"line":146,"column":0},"end":{"line":146,"column":7}},"146":{"start":{"line":147,"column":0},"end":{"line":147,"column":61}},"148":{"start":{"line":149,"column":0},"end":{"line":149,"column":51}},"149":{"start":{"line":150,"column":0},"end":{"line":150,"column":53}},"150":{"start":{"line":151,"column":0},"end":{"line":151,"column":51}},"152":{"start":{"line":153,"column":0},"end":{"line":153,"column":67}},"153":{"start":{"line":154,"column":0},"end":{"line":154,"column":61}},"154":{"start":{"line":155,"column":0},"end":{"line":155,"column":15}},"155":{"start":{"line":156,"column":0},"end":{"line":156,"column":7}},"156":{"start":{"line":157,"column":0},"end":{"line":157,"column":34}},"157":{"start":{"line":158,"column":0},"end":{"line":158,"column":43}},"158":{"start":{"line":159,"column":0},"end":{"line":159,"column":7}},"160":{"start":{"line":161,"column":0},"end":{"line":161,"column":76}},"161":{"start":{"line":162,"column":0},"end":{"line":162,"column":41}},"162":{"start":{"line":163,"column":0},"end":{"line":163,"column":41}},"163":{"start":{"line":164,"column":0},"end":{"line":164,"column":10}},"164":{"start":{"line":165,"column":0},"end":{"line":165,"column":23}},"165":{"start":{"line":166,"column":0},"end":{"line":166,"column":25}},"166":{"start":{"line":167,"column":0},"end":{"line":167,"column":23}},"167":{"start":{"line":168,"column":0},"end":{"line":168,"column":25}},"168":{"start":{"line":169,"column":0},"end":{"line":169,"column":34}},"169":{"start":{"line":170,"column":0},"end":{"line":170,"column":9}},"170":{"start":{"line":171,"column":0},"end":{"line":171,"column":91}},"171":{"start":{"line":172,"column":0},"end":{"line":172,"column":47}},"172":{"start":{"line":173,"column":0},"end":{"line":173,"column":15}},"173":{"start":{"line":174,"column":0},"end":{"line":174,"column":7}},"175":{"start":{"line":176,"column":0},"end":{"line":176,"column":43}},"176":{"start":{"line":177,"column":0},"end":{"line":177,"column":43}},"178":{"start":{"line":179,"column":0},"end":{"line":179,"column":76}},"179":{"start":{"line":180,"column":0},"end":{"line":180,"column":10}},"180":{"start":{"line":181,"column":0},"end":{"line":181,"column":24}},"181":{"start":{"line":182,"column":0},"end":{"line":182,"column":28}},"182":{"start":{"line":183,"column":0},"end":{"line":183,"column":24}},"183":{"start":{"line":184,"column":0},"end":{"line":184,"column":25}},"184":{"start":{"line":185,"column":0},"end":{"line":185,"column":9}},"185":{"start":{"line":186,"column":0},"end":{"line":186,"column":51}},"186":{"start":{"line":187,"column":0},"end":{"line":187,"column":15}},"187":{"start":{"line":188,"column":0},"end":{"line":188,"column":7}},"189":{"start":{"line":190,"column":0},"end":{"line":190,"column":44}},"190":{"start":{"line":191,"column":0},"end":{"line":191,"column":68}},"191":{"start":{"line":192,"column":0},"end":{"line":192,"column":53}},"192":{"start":{"line":193,"column":0},"end":{"line":193,"column":50}},"193":{"start":{"line":194,"column":0},"end":{"line":194,"column":7}},"194":{"start":{"line":195,"column":0},"end":{"line":195,"column":42}},"195":{"start":{"line":196,"column":0},"end":{"line":196,"column":5}},"196":{"start":{"line":197,"column":0},"end":{"line":197,"column":5}},"198":{"start":{"line":199,"column":0},"end":{"line":199,"column":18}},"199":{"start":{"line":200,"column":0},"end":{"line":200,"column":2}},"201":{"start":{"line":202,"column":0},"end":{"line":202,"column":53}},"202":{"start":{"line":203,"column":0},"end":{"line":203,"column":40}},"204":{"start":{"line":205,"column":0},"end":{"line":205,"column":30}},"205":{"start":{"line":206,"column":0},"end":{"line":206,"column":53}},"206":{"start":{"line":207,"column":0},"end":{"line":207,"column":28}},"207":{"start":{"line":208,"column":0},"end":{"line":208,"column":18}},"208":{"start":{"line":209,"column":0},"end":{"line":209,"column":3}},"210":{"start":{"line":211,"column":0},"end":{"line":211,"column":30}},"211":{"start":{"line":212,"column":0},"end":{"line":212,"column":19}},"212":{"start":{"line":213,"column":0},"end":{"line":213,"column":40}},"213":{"start":{"line":214,"column":0},"end":{"line":214,"column":42}},"214":{"start":{"line":215,"column":0},"end":{"line":215,"column":46}},"215":{"start":{"line":216,"column":0},"end":{"line":216,"column":19}},"216":{"start":{"line":217,"column":0},"end":{"line":217,"column":7}},"217":{"start":{"line":218,"column":0},"end":{"line":218,"column":5}},"218":{"start":{"line":219,"column":0},"end":{"line":219,"column":3}},"220":{"start":{"line":221,"column":0},"end":{"line":221,"column":22}},"221":{"start":{"line":222,"column":0},"end":{"line":222,"column":18}},"222":{"start":{"line":223,"column":0},"end":{"line":223,"column":3}},"224":{"start":{"line":225,"column":0},"end":{"line":225,"column":14}},"225":{"start":{"line":226,"column":0},"end":{"line":226,"column":2}},"227":{"start":{"line":228,"column":0},"end":{"line":228,"column":39}},"228":{"start":{"line":229,"column":0},"end":{"line":229,"column":23}},"229":{"start":{"line":230,"column":0},"end":{"line":230,"column":19}},"230":{"start":{"line":231,"column":0},"end":{"line":231,"column":12}},"231":{"start":{"line":232,"column":0},"end":{"line":232,"column":46}},"232":{"start":{"line":233,"column":0},"end":{"line":233,"column":46}},"233":{"start":{"line":234,"column":0},"end":{"line":234,"column":4}},"234":{"start":{"line":235,"column":0},"end":{"line":235,"column":15}},"235":{"start":{"line":236,"column":0},"end":{"line":236,"column":18}},"236":{"start":{"line":237,"column":0},"end":{"line":237,"column":3}},"238":{"start":{"line":239,"column":0},"end":{"line":239,"column":61}},"239":{"start":{"line":240,"column":0},"end":{"line":240,"column":18}},"240":{"start":{"line":241,"column":0},"end":{"line":241,"column":43}},"241":{"start":{"line":242,"column":0},"end":{"line":242,"column":61}},"242":{"start":{"line":243,"column":0},"end":{"line":243,"column":3}},"244":{"start":{"line":245,"column":0},"end":{"line":245,"column":24}},"245":{"start":{"line":246,"column":0},"end":{"line":246,"column":54}},"246":{"start":{"line":247,"column":0},"end":{"line":247,"column":67}},"247":{"start":{"line":248,"column":0},"end":{"line":248,"column":3}},"249":{"start":{"line":250,"column":0},"end":{"line":250,"column":67}},"250":{"start":{"line":251,"column":0},"end":{"line":251,"column":42}},"251":{"start":{"line":252,"column":0},"end":{"line":252,"column":54}},"253":{"start":{"line":254,"column":0},"end":{"line":254,"column":44}},"254":{"start":{"line":255,"column":0},"end":{"line":255,"column":61}},"255":{"start":{"line":256,"column":0},"end":{"line":256,"column":21}},"256":{"start":{"line":257,"column":0},"end":{"line":257,"column":3}},"257":{"start":{"line":258,"column":0},"end":{"line":258,"column":55}},"258":{"start":{"line":259,"column":0},"end":{"line":259,"column":21}},"259":{"start":{"line":260,"column":0},"end":{"line":260,"column":3}},"261":{"start":{"line":262,"column":0},"end":{"line":262,"column":26}},"262":{"start":{"line":263,"column":0},"end":{"line":263,"column":20}},"263":{"start":{"line":264,"column":0},"end":{"line":264,"column":17}},"264":{"start":{"line":265,"column":0},"end":{"line":265,"column":64}},"265":{"start":{"line":266,"column":0},"end":{"line":266,"column":55}},"266":{"start":{"line":267,"column":0},"end":{"line":267,"column":46}},"267":{"start":{"line":268,"column":0},"end":{"line":268,"column":16}},"268":{"start":{"line":269,"column":0},"end":{"line":269,"column":20}},"269":{"start":{"line":270,"column":0},"end":{"line":270,"column":80}},"270":{"start":{"line":271,"column":0},"end":{"line":271,"column":68}},"271":{"start":{"line":272,"column":0},"end":{"line":272,"column":10}},"272":{"start":{"line":273,"column":0},"end":{"line":273,"column":7}},"273":{"start":{"line":274,"column":0},"end":{"line":274,"column":20}},"274":{"start":{"line":275,"column":0},"end":{"line":275,"column":7}},"275":{"start":{"line":276,"column":0},"end":{"line":276,"column":4}},"277":{"start":{"line":278,"column":0},"end":{"line":278,"column":71}},"278":{"start":{"line":279,"column":0},"end":{"line":279,"column":50}},"280":{"start":{"line":281,"column":0},"end":{"line":281,"column":65}},"281":{"start":{"line":282,"column":0},"end":{"line":282,"column":45}},"282":{"start":{"line":283,"column":0},"end":{"line":283,"column":56}},"283":{"start":{"line":284,"column":0},"end":{"line":284,"column":25}},"284":{"start":{"line":285,"column":0},"end":{"line":285,"column":80}},"285":{"start":{"line":286,"column":0},"end":{"line":286,"column":30}},"286":{"start":{"line":287,"column":0},"end":{"line":287,"column":49}},"287":{"start":{"line":288,"column":0},"end":{"line":288,"column":51}},"288":{"start":{"line":289,"column":0},"end":{"line":289,"column":76}},"289":{"start":{"line":290,"column":0},"end":{"line":290,"column":6}},"290":{"start":{"line":291,"column":0},"end":{"line":291,"column":3}},"292":{"start":{"line":293,"column":0},"end":{"line":293,"column":24}},"293":{"start":{"line":294,"column":0},"end":{"line":294,"column":64}},"294":{"start":{"line":295,"column":0},"end":{"line":295,"column":15}},"295":{"start":{"line":296,"column":0},"end":{"line":296,"column":29}},"296":{"start":{"line":297,"column":0},"end":{"line":297,"column":29}},"297":{"start":{"line":298,"column":0},"end":{"line":298,"column":3}},"299":{"start":{"line":300,"column":0},"end":{"line":300,"column":19}},"300":{"start":{"line":301,"column":0},"end":{"line":301,"column":61}},"302":{"start":{"line":303,"column":0},"end":{"line":303,"column":18}},"303":{"start":{"line":304,"column":0},"end":{"line":304,"column":2}}},"s":{"0":1,"1":1,"3":1,"4":63,"5":63,"6":1,"8":1,"9":164,"10":1,"11":1,"12":163,"13":163,"14":163,"15":163,"17":1,"18":50,"20":50,"21":50,"22":300,"23":1200,"24":1200,"25":1200,"26":47,"27":1200,"28":26,"29":26,"30":26,"31":26,"32":26,"33":26,"34":1200,"35":300,"37":50,"38":50,"39":300,"40":1200,"41":1200,"42":1200,"43":12,"44":1200,"45":4,"46":4,"47":4,"48":4,"49":4,"50":4,"51":1200,"52":300,"54":50,"55":50,"56":200,"57":800,"58":800,"59":800,"60":18,"61":800,"62":5,"63":5,"64":5,"65":5,"66":5,"67":5,"68":800,"69":200,"71":50,"72":50,"73":200,"74":800,"75":800,"76":800,"77":8,"78":800,"79":3,"80":3,"81":3,"82":3,"83":3,"84":3,"85":800,"86":200,"88":50,"89":50,"91":1,"92":16,"93":16,"94":16,"96":16,"97":18,"98":54,"99":54,"100":51,"101":51,"102":51,"103":51,"104":18,"105":16,"107":16,"108":16,"110":1,"111":24,"113":24,"114":24,"115":1,"116":1,"118":23,"120":24,"121":1,"122":1,"124":22,"125":22,"126":22,"127":22,"128":22,"129":22,"130":22,"131":22,"132":22,"133":22,"135":22,"136":176,"137":176,"139":176,"140":176,"141":176,"142":176,"143":176,"144":118,"145":176,"146":23,"148":23,"149":23,"150":23,"152":23,"153":23,"154":1,"155":1,"156":23,"157":9,"158":9,"160":13,"161":13,"162":13,"163":13,"164":13,"165":23,"166":23,"167":23,"168":10,"169":23,"170":7,"171":7,"172":7,"173":7,"175":6,"176":6,"178":6,"179":6,"180":6,"181":23,"182":23,"183":3,"184":23,"185":3,"186":3,"187":3,"189":3,"190":3,"191":3,"192":3,"193":3,"194":23,"195":23,"196":22,"198":22,"199":22,"201":1,"202":17,"204":17,"205":17,"206":17,"207":5,"208":5,"210":12,"211":12,"212":17,"213":72,"214":432,"215":9,"216":9,"217":432,"218":72,"220":17,"221":0,"222":0,"224":12,"225":12,"227":1,"228":14,"229":14,"230":14,"231":14,"232":14,"233":14,"234":14,"235":14,"236":1,"238":1,"239":14,"240":14,"241":3,"242":3,"244":11,"245":14,"246":1,"247":1,"249":10,"250":10,"251":10,"253":10,"254":14,"255":1,"256":1,"257":14,"258":1,"259":1,"261":8,"262":8,"263":8,"264":8,"265":8,"266":16,"267":8,"268":8,"269":8,"270":8,"271":8,"272":8,"273":8,"274":8,"275":8,"277":8,"278":8,"280":8,"281":8,"282":8,"283":14,"284":3,"285":3,"286":3,"287":3,"288":3,"289":3,"290":3,"292":8,"293":8,"294":14,"295":0,"296":0,"297":0,"299":8,"300":8,"302":8,"303":8},"branchMap":{"0":{"type":"branch","line":4,"loc":{"start":{"line":4,"column":27},"end":{"line":7,"column":38}},"locations":[{"start":{"line":4,"column":27},"end":{"line":7,"column":38}}]},"1":{"type":"branch","line":7,"loc":{"start":{"line":7,"column":9},"end":{"line":7,"column":37}},"locations":[{"start":{"line":7,"column":9},"end":{"line":7,"column":37}}]},"2":{"type":"branch","line":9,"loc":{"start":{"line":9,"column":26},"end":{"line":16,"column":2}},"locations":[{"start":{"line":9,"column":26},"end":{"line":16,"column":2}}]},"3":{"type":"branch","line":10,"loc":{"start":{"line":10,"column":23},"end":{"line":12,"column":3}},"locations":[{"start":{"line":10,"column":23},"end":{"line":12,"column":3}}]},"4":{"type":"branch","line":12,"loc":{"start":{"line":12,"column":2},"end":{"line":16,"column":2}},"locations":[{"start":{"line":12,"column":2},"end":{"line":16,"column":2}}]},"5":{"type":"branch","line":13,"loc":{"start":{"line":13,"column":30},"end":{"line":13,"column":42}},"locations":[{"start":{"line":13,"column":30},"end":{"line":13,"column":42}}]},"6":{"type":"branch","line":18,"loc":{"start":{"line":18,"column":27},"end":{"line":90,"column":2}},"locations":[{"start":{"line":18,"column":27},"end":{"line":90,"column":2}}]},"7":{"type":"branch","line":22,"loc":{"start":{"line":22,"column":39},"end":{"line":36,"column":3}},"locations":[{"start":{"line":22,"column":39},"end":{"line":36,"column":3}}]},"8":{"type":"branch","line":23,"loc":{"start":{"line":23,"column":46},"end":{"line":35,"column":5}},"locations":[{"start":{"line":23,"column":46},"end":{"line":35,"column":5}}]},"9":{"type":"branch","line":25,"loc":{"start":{"line":25,"column":37},"end":{"line":26,"column":41}},"locations":[{"start":{"line":25,"column":37},"end":{"line":26,"column":41}}]},"10":{"type":"branch","line":26,"loc":{"start":{"line":26,"column":41},"end":{"line":27,"column":41}},"locations":[{"start":{"line":26,"column":41},"end":{"line":27,"column":41}}]},"11":{"type":"branch","line":28,"loc":{"start":{"line":28,"column":8},"end":{"line":34,"column":7}},"locations":[{"start":{"line":28,"column":8},"end":{"line":34,"column":7}}]},"12":{"type":"branch","line":39,"loc":{"start":{"line":39,"column":39},"end":{"line":53,"column":3}},"locations":[{"start":{"line":39,"column":39},"end":{"line":53,"column":3}}]},"13":{"type":"branch","line":40,"loc":{"start":{"line":40,"column":46},"end":{"line":52,"column":5}},"locations":[{"start":{"line":40,"column":46},"end":{"line":52,"column":5}}]},"14":{"type":"branch","line":42,"loc":{"start":{"line":42,"column":37},"end":{"line":43,"column":41}},"locations":[{"start":{"line":42,"column":37},"end":{"line":43,"column":41}}]},"15":{"type":"branch","line":43,"loc":{"start":{"line":43,"column":41},"end":{"line":44,"column":41}},"locations":[{"start":{"line":43,"column":41},"end":{"line":44,"column":41}}]},"16":{"type":"branch","line":45,"loc":{"start":{"line":45,"column":8},"end":{"line":51,"column":7}},"locations":[{"start":{"line":45,"column":8},"end":{"line":51,"column":7}}]},"17":{"type":"branch","line":56,"loc":{"start":{"line":56,"column":44},"end":{"line":70,"column":3}},"locations":[{"start":{"line":56,"column":44},"end":{"line":70,"column":3}}]},"18":{"type":"branch","line":57,"loc":{"start":{"line":57,"column":46},"end":{"line":69,"column":5}},"locations":[{"start":{"line":57,"column":46},"end":{"line":69,"column":5}}]},"19":{"type":"branch","line":59,"loc":{"start":{"line":59,"column":37},"end":{"line":60,"column":45}},"locations":[{"start":{"line":59,"column":37},"end":{"line":60,"column":45}}]},"20":{"type":"branch","line":60,"loc":{"start":{"line":60,"column":45},"end":{"line":61,"column":45}},"locations":[{"start":{"line":60,"column":45},"end":{"line":61,"column":45}}]},"21":{"type":"branch","line":62,"loc":{"start":{"line":62,"column":8},"end":{"line":68,"column":7}},"locations":[{"start":{"line":62,"column":8},"end":{"line":68,"column":7}}]},"22":{"type":"branch","line":73,"loc":{"start":{"line":73,"column":44},"end":{"line":87,"column":3}},"locations":[{"start":{"line":73,"column":44},"end":{"line":87,"column":3}}]},"23":{"type":"branch","line":74,"loc":{"start":{"line":74,"column":58},"end":{"line":86,"column":5}},"locations":[{"start":{"line":74,"column":58},"end":{"line":86,"column":5}}]},"24":{"type":"branch","line":76,"loc":{"start":{"line":76,"column":37},"end":{"line":77,"column":45}},"locations":[{"start":{"line":76,"column":37},"end":{"line":77,"column":45}}]},"25":{"type":"branch","line":77,"loc":{"start":{"line":77,"column":45},"end":{"line":78,"column":45}},"locations":[{"start":{"line":77,"column":45},"end":{"line":78,"column":45}}]},"26":{"type":"branch","line":79,"loc":{"start":{"line":79,"column":8},"end":{"line":85,"column":7}},"locations":[{"start":{"line":79,"column":8},"end":{"line":85,"column":7}}]},"27":{"type":"branch","line":92,"loc":{"start":{"line":92,"column":31},"end":{"line":109,"column":2}},"locations":[{"start":{"line":92,"column":31},"end":{"line":109,"column":2}}]},"28":{"type":"branch","line":94,"loc":{"start":{"line":94,"column":30},"end":{"line":94,"column":42}},"locations":[{"start":{"line":94,"column":30},"end":{"line":94,"column":42}}]},"29":{"type":"branch","line":97,"loc":{"start":{"line":97,"column":17},"end":{"line":106,"column":3}},"locations":[{"start":{"line":97,"column":17},"end":{"line":106,"column":3}}]},"30":{"type":"branch","line":98,"loc":{"start":{"line":98,"column":18},"end":{"line":105,"column":5}},"locations":[{"start":{"line":98,"column":18},"end":{"line":105,"column":5}}]},"31":{"type":"branch","line":100,"loc":{"start":{"line":100,"column":34},"end":{"line":104,"column":7}},"locations":[{"start":{"line":100,"column":34},"end":{"line":104,"column":7}}]},"32":{"type":"branch","line":111,"loc":{"start":{"line":111,"column":20},"end":{"line":200,"column":2}},"locations":[{"start":{"line":111,"column":20},"end":{"line":200,"column":2}}]},"33":{"type":"branch","line":115,"loc":{"start":{"line":115,"column":13},"end":{"line":115,"column":28}},"locations":[{"start":{"line":115,"column":13},"end":{"line":115,"column":28}}]},"34":{"type":"branch","line":115,"loc":{"start":{"line":115,"column":28},"end":{"line":115,"column":39}},"locations":[{"start":{"line":115,"column":28},"end":{"line":115,"column":39}}]},"35":{"type":"branch","line":115,"loc":{"start":{"line":115,"column":39},"end":{"line":115,"column":54}},"locations":[{"start":{"line":115,"column":39},"end":{"line":115,"column":54}}]},"36":{"type":"branch","line":115,"loc":{"start":{"line":115,"column":56},"end":{"line":117,"column":3}},"locations":[{"start":{"line":115,"column":56},"end":{"line":117,"column":3}}]},"37":{"type":"branch","line":117,"loc":{"start":{"line":117,"column":2},"end":{"line":121,"column":21}},"locations":[{"start":{"line":117,"column":2},"end":{"line":121,"column":21}}]},"38":{"type":"branch","line":121,"loc":{"start":{"line":121,"column":21},"end":{"line":123,"column":3}},"locations":[{"start":{"line":121,"column":21},"end":{"line":123,"column":3}}]},"39":{"type":"branch","line":123,"loc":{"start":{"line":123,"column":2},"end":{"line":200,"column":2}},"locations":[{"start":{"line":123,"column":2},"end":{"line":200,"column":2}}]},"40":{"type":"branch","line":112,"loc":{"start":{"line":112,"column":30},"end":{"line":112,"column":42}},"locations":[{"start":{"line":112,"column":30},"end":{"line":112,"column":42}}]},"41":{"type":"branch","line":136,"loc":{"start":{"line":136,"column":21},"end":{"line":197,"column":3}},"locations":[{"start":{"line":136,"column":21},"end":{"line":197,"column":3}}]},"42":{"type":"branch","line":141,"loc":{"start":{"line":141,"column":22},"end":{"line":142,"column":24}},"locations":[{"start":{"line":141,"column":22},"end":{"line":142,"column":24}}]},"43":{"type":"branch","line":142,"loc":{"start":{"line":142,"column":24},"end":{"line":143,"column":22}},"locations":[{"start":{"line":142,"column":24},"end":{"line":143,"column":22}}]},"44":{"type":"branch","line":143,"loc":{"start":{"line":143,"column":22},"end":{"line":144,"column":24}},"locations":[{"start":{"line":143,"column":22},"end":{"line":144,"column":24}}]},"45":{"type":"branch","line":144,"loc":{"start":{"line":144,"column":24},"end":{"line":145,"column":40}},"locations":[{"start":{"line":144,"column":24},"end":{"line":145,"column":40}}]},"46":{"type":"branch","line":146,"loc":{"start":{"line":146,"column":6},"end":{"line":196,"column":5}},"locations":[{"start":{"line":146,"column":6},"end":{"line":196,"column":5}}]},"47":{"type":"branch","line":154,"loc":{"start":{"line":154,"column":34},"end":{"line":154,"column":58}},"locations":[{"start":{"line":154,"column":34},"end":{"line":154,"column":58}}]},"48":{"type":"branch","line":154,"loc":{"start":{"line":154,"column":60},"end":{"line":156,"column":7}},"locations":[{"start":{"line":154,"column":60},"end":{"line":156,"column":7}}]},"49":{"type":"branch","line":156,"loc":{"start":{"line":156,"column":6},"end":{"line":157,"column":33}},"locations":[{"start":{"line":156,"column":6},"end":{"line":157,"column":33}}]},"50":{"type":"branch","line":157,"loc":{"start":{"line":157,"column":33},"end":{"line":159,"column":7}},"locations":[{"start":{"line":157,"column":33},"end":{"line":159,"column":7}}]},"51":{"type":"branch","line":159,"loc":{"start":{"line":159,"column":6},"end":{"line":165,"column":23}},"locations":[{"start":{"line":159,"column":6},"end":{"line":165,"column":23}}]},"52":{"type":"branch","line":165,"loc":{"start":{"line":165,"column":20},"end":{"line":166,"column":22}},"locations":[{"start":{"line":165,"column":20},"end":{"line":166,"column":22}}]},"53":{"type":"branch","line":166,"loc":{"start":{"line":166,"column":22},"end":{"line":167,"column":20}},"locations":[{"start":{"line":166,"column":22},"end":{"line":167,"column":20}}]},"54":{"type":"branch","line":167,"loc":{"start":{"line":167,"column":20},"end":{"line":168,"column":22}},"locations":[{"start":{"line":167,"column":20},"end":{"line":168,"column":22}}]},"55":{"type":"branch","line":168,"loc":{"start":{"line":168,"column":22},"end":{"line":169,"column":34}},"locations":[{"start":{"line":168,"column":22},"end":{"line":169,"column":34}}]},"56":{"type":"branch","line":170,"loc":{"start":{"line":170,"column":8},"end":{"line":174,"column":7}},"locations":[{"start":{"line":170,"column":8},"end":{"line":174,"column":7}}]},"57":{"type":"branch","line":174,"loc":{"start":{"line":174,"column":6},"end":{"line":181,"column":24}},"locations":[{"start":{"line":174,"column":6},"end":{"line":181,"column":24}}]},"58":{"type":"branch","line":181,"loc":{"start":{"line":181,"column":21},"end":{"line":182,"column":25}},"locations":[{"start":{"line":181,"column":21},"end":{"line":182,"column":25}}]},"59":{"type":"branch","line":182,"loc":{"start":{"line":182,"column":25},"end":{"line":183,"column":21}},"locations":[{"start":{"line":182,"column":25},"end":{"line":183,"column":21}}]},"60":{"type":"branch","line":183,"loc":{"start":{"line":183,"column":21},"end":{"line":184,"column":25}},"locations":[{"start":{"line":183,"column":21},"end":{"line":184,"column":25}}]},"61":{"type":"branch","line":185,"loc":{"start":{"line":185,"column":8},"end":{"line":194,"column":7}},"locations":[{"start":{"line":185,"column":8},"end":{"line":194,"column":7}}]},"62":{"type":"branch","line":202,"loc":{"start":{"line":202,"column":33},"end":{"line":226,"column":2}},"locations":[{"start":{"line":202,"column":33},"end":{"line":226,"column":2}}]},"63":{"type":"branch","line":207,"loc":{"start":{"line":207,"column":27},"end":{"line":209,"column":3}},"locations":[{"start":{"line":207,"column":27},"end":{"line":209,"column":3}}]},"64":{"type":"branch","line":209,"loc":{"start":{"line":209,"column":2},"end":{"line":213,"column":39}},"locations":[{"start":{"line":209,"column":2},"end":{"line":213,"column":39}}]},"65":{"type":"branch","line":213,"loc":{"start":{"line":213,"column":39},"end":{"line":219,"column":3}},"locations":[{"start":{"line":213,"column":39},"end":{"line":219,"column":3}}]},"66":{"type":"branch","line":214,"loc":{"start":{"line":214,"column":41},"end":{"line":218,"column":5}},"locations":[{"start":{"line":214,"column":41},"end":{"line":218,"column":5}}]},"67":{"type":"branch","line":215,"loc":{"start":{"line":215,"column":45},"end":{"line":217,"column":7}},"locations":[{"start":{"line":215,"column":45},"end":{"line":217,"column":7}}]},"68":{"type":"branch","line":219,"loc":{"start":{"line":219,"column":2},"end":{"line":221,"column":21}},"locations":[{"start":{"line":219,"column":2},"end":{"line":221,"column":21}}]},"69":{"type":"branch","line":221,"loc":{"start":{"line":221,"column":21},"end":{"line":223,"column":3}},"locations":[{"start":{"line":221,"column":21},"end":{"line":223,"column":3}}]},"70":{"type":"branch","line":223,"loc":{"start":{"line":223,"column":2},"end":{"line":226,"column":2}},"locations":[{"start":{"line":223,"column":2},"end":{"line":226,"column":2}}]},"71":{"type":"branch","line":228,"loc":{"start":{"line":228,"column":31},"end":{"line":237,"column":2}},"locations":[{"start":{"line":228,"column":31},"end":{"line":237,"column":2}}]},"72":{"type":"branch","line":239,"loc":{"start":{"line":239,"column":24},"end":{"line":304,"column":2}},"locations":[{"start":{"line":239,"column":24},"end":{"line":304,"column":2}}]},"73":{"type":"branch","line":241,"loc":{"start":{"line":241,"column":42},"end":{"line":243,"column":3}},"locations":[{"start":{"line":241,"column":42},"end":{"line":243,"column":3}}]},"74":{"type":"branch","line":243,"loc":{"start":{"line":243,"column":2},"end":{"line":246,"column":32}},"locations":[{"start":{"line":243,"column":2},"end":{"line":246,"column":32}}]},"75":{"type":"branch","line":246,"loc":{"start":{"line":246,"column":28},"end":{"line":246,"column":51}},"locations":[{"start":{"line":246,"column":28},"end":{"line":246,"column":51}}]},"76":{"type":"branch","line":246,"loc":{"start":{"line":246,"column":53},"end":{"line":248,"column":3}},"locations":[{"start":{"line":246,"column":53},"end":{"line":248,"column":3}}]},"77":{"type":"branch","line":248,"loc":{"start":{"line":248,"column":2},"end":{"line":255,"column":32}},"locations":[{"start":{"line":248,"column":2},"end":{"line":255,"column":32}}]},"78":{"type":"branch","line":255,"loc":{"start":{"line":255,"column":28},"end":{"line":255,"column":58}},"locations":[{"start":{"line":255,"column":28},"end":{"line":255,"column":58}}]},"79":{"type":"branch","line":255,"loc":{"start":{"line":255,"column":60},"end":{"line":257,"column":3}},"locations":[{"start":{"line":255,"column":60},"end":{"line":257,"column":3}}]},"80":{"type":"branch","line":257,"loc":{"start":{"line":257,"column":2},"end":{"line":258,"column":29}},"locations":[{"start":{"line":257,"column":2},"end":{"line":258,"column":29}}]},"81":{"type":"branch","line":258,"loc":{"start":{"line":258,"column":25},"end":{"line":258,"column":52}},"locations":[{"start":{"line":258,"column":25},"end":{"line":258,"column":52}}]},"82":{"type":"branch","line":258,"loc":{"start":{"line":258,"column":54},"end":{"line":260,"column":3}},"locations":[{"start":{"line":258,"column":54},"end":{"line":260,"column":3}}]},"83":{"type":"branch","line":260,"loc":{"start":{"line":260,"column":2},"end":{"line":284,"column":24}},"locations":[{"start":{"line":260,"column":2},"end":{"line":284,"column":24}}]},"84":{"type":"branch","line":284,"loc":{"start":{"line":284,"column":24},"end":{"line":291,"column":3}},"locations":[{"start":{"line":284,"column":24},"end":{"line":291,"column":3}}]},"85":{"type":"branch","line":291,"loc":{"start":{"line":291,"column":2},"end":{"line":295,"column":14}},"locations":[{"start":{"line":291,"column":2},"end":{"line":295,"column":14}}]},"86":{"type":"branch","line":295,"loc":{"start":{"line":295,"column":14},"end":{"line":298,"column":3}},"locations":[{"start":{"line":295,"column":14},"end":{"line":298,"column":3}}]},"87":{"type":"branch","line":298,"loc":{"start":{"line":298,"column":2},"end":{"line":304,"column":2}},"locations":[{"start":{"line":298,"column":2},"end":{"line":304,"column":2}}]},"88":{"type":"branch","line":266,"loc":{"start":{"line":266,"column":35},"end":{"line":275,"column":5}},"locations":[{"start":{"line":266,"column":35},"end":{"line":275,"column":5}}]},"89":{"type":"branch","line":267,"loc":{"start":{"line":267,"column":45},"end":{"line":275,"column":5}},"locations":[{"start":{"line":267,"column":45},"end":{"line":275,"column":5}}]},"90":{"type":"branch","line":270,"loc":{"start":{"line":270,"column":62},"end":{"line":270,"column":79}},"locations":[{"start":{"line":270,"column":62},"end":{"line":270,"column":79}}]},"91":{"type":"branch","line":271,"loc":{"start":{"line":271,"column":35},"end":{"line":271,"column":53}},"locations":[{"start":{"line":271,"column":35},"end":{"line":271,"column":53}}]}},"b":{"0":[63],"1":[378],"2":[164],"3":[1],"4":[163],"5":[978],"6":[50],"7":[300],"8":[1200],"9":[112],"10":[47],"11":[26],"12":[300],"13":[1200],"14":[113],"15":[12],"16":[4],"17":[200],"18":[800],"19":[105],"20":[18],"21":[5],"22":[200],"23":[800],"24":[49],"25":[8],"26":[3],"27":[16],"28":[96],"29":[18],"30":[54],"31":[51],"32":[24],"33":[23],"34":[23],"35":[23],"36":[1],"37":[23],"38":[1],"39":[22],"40":[144],"41":[176],"42":[143],"43":[143],"44":[118],"45":[118],"46":[23],"47":[14],"48":[1],"49":[22],"50":[9],"51":[13],"52":[10],"53":[10],"54":[10],"55":[10],"56":[7],"57":[6],"58":[3],"59":[3],"60":[3],"61":[3],"62":[17],"63":[5],"64":[12],"65":[72],"66":[432],"67":[9],"68":[12],"69":[0],"70":[12],"71":[14],"72":[14],"73":[3],"74":[11],"75":[2],"76":[1],"77":[10],"78":[9],"79":[1],"80":[9],"81":[1],"82":[1],"83":[8],"84":[3],"85":[8],"86":[0],"87":[8],"88":[16],"89":[8],"90":[0],"91":[0]},"fnMap":{"0":{"name":"createBoard","decl":{"start":{"line":4,"column":27},"end":{"line":7,"column":38}},"loc":{"start":{"line":4,"column":27},"end":{"line":7,"column":38}},"line":4},"1":{"name":"placePiece","decl":{"start":{"line":9,"column":26},"end":{"line":16,"column":2}},"loc":{"start":{"line":9,"column":26},"end":{"line":16,"column":2}},"line":9},"2":{"name":"detectLines","decl":{"start":{"line":18,"column":27},"end":{"line":90,"column":2}},"loc":{"start":{"line":18,"column":27},"end":{"line":90,"column":2}},"line":18},"3":{"name":"graduateKittens","decl":{"start":{"line":92,"column":31},"end":{"line":109,"column":2}},"loc":{"start":{"line":92,"column":31},"end":{"line":109,"column":2}},"line":92},"4":{"name":"boop","decl":{"start":{"line":111,"column":20},"end":{"line":200,"column":2}},"loc":{"start":{"line":111,"column":20},"end":{"line":200,"column":2}},"line":111},"5":{"name":"checkWinCondition","decl":{"start":{"line":202,"column":33},"end":{"line":226,"column":2}},"loc":{"start":{"line":202,"column":33},"end":{"line":226,"column":2}},"line":202},"6":{"name":"createGameState","decl":{"start":{"line":228,"column":31},"end":{"line":237,"column":2}},"loc":{"start":{"line":228,"column":31},"end":{"line":237,"column":2}},"line":228},"7":{"name":"makeMove","decl":{"start":{"line":239,"column":24},"end":{"line":304,"column":2}},"loc":{"start":{"line":239,"column":24},"end":{"line":304,"column":2}},"line":239}},"f":{"0":63,"1":164,"2":50,"3":16,"4":24,"5":17,"6":14,"7":14}}
}
