TN:
SF:src/app.jsx
FN:5,App
FN:13,getAvailablePieces
FN:108,renderPiece
FNF:3
FNH:3
FNDA:27,App
FNDA:27,getAvailablePieces
FNDA:972,renderPiece
DA:1,1
DA:2,1
DA:3,1
DA:5,1
DA:6,27
DA:7,27
DA:8,27
DA:10,27
DA:13,27
DA:14,27
DA:15,27
DA:16,27
DA:17,27
DA:18,27
DA:20,27
DA:23,27
DA:24,27
DA:27,27
DA:28,1
DA:29,27
DA:30,27
DA:31,0
DA:32,0
DA:33,27
DA:34,27
DA:35,27
DA:36,27
DA:37,27
DA:38,27
DA:39,27
DA:40,27
DA:41,27
DA:42,27
DA:43,27
DA:44,27
DA:45,27
DA:46,27
DA:47,27
DA:48,27
DA:49,27
DA:52,27
DA:53,27
DA:54,11
DA:55,2
DA:56,2
DA:57,9
DA:58,11
DA:59,0
DA:60,0
DA:61,9
DA:62,9
DA:63,11
DA:64,0
DA:65,0
DA:66,11
DA:67,27
DA:68,27
DA:69,27
DA:70,27
DA:71,0
DA:72,0
DA:73,0
DA:74,0
DA:75,0
DA:76,0
DA:77,0
DA:78,0
DA:79,0
DA:80,0
DA:81,0
DA:82,0
DA:83,0
DA:84,27
DA:85,27
DA:86,27
DA:87,0
DA:88,0
DA:89,27
DA:92,27
DA:93,2
DA:94,2
DA:95,2
DA:96,27
DA:99,27
DA:100,27
DA:101,27
DA:102,27
DA:103,27
DA:104,27
DA:105,27
DA:106,27
DA:108,27
DA:109,972
DA:111,13
DA:112,13
DA:114,13
DA:115,972
DA:116,972
DA:117,972
DA:119,972
DA:122,27
DA:123,27
DA:124,27
DA:125,27
DA:126,3
DA:127,27
DA:128,1
DA:129,27
DA:130,0
DA:131,27
DA:133,27
DA:134,27
DA:135,27
DA:136,27
DA:137,27
DA:138,27
DA:140,27
DA:141,27
DA:142,27
DA:143,27
DA:146,27
DA:147,27
DA:148,27
DA:149,27
DA:150,27
DA:151,27
DA:152,27
DA:153,27
DA:155,27
DA:156,27
DA:157,27
DA:158,27
DA:160,27
DA:161,27
DA:162,27
DA:165,27
DA:166,3
DA:167,3
DA:168,3
DA:169,3
DA:171,3
DA:172,3
DA:173,3
DA:174,3
DA:176,3
DA:177,3
DA:178,3
DA:179,27
DA:180,27
DA:182,27
DA:183,25
DA:184,25
DA:185,24
DA:186,25
DA:187,25
DA:188,27
DA:189,27
DA:191,27
DA:192,27
DA:193,27
DA:194,27
DA:195,27
DA:197,27
DA:198,0
DA:199,0
DA:200,0
DA:202,0
DA:203,0
DA:204,27
DA:205,27
DA:207,27
DA:208,27
DA:209,162
DA:210,162
DA:211,972
DA:212,972
DA:213,972
DA:214,972
DA:215,972
DA:216,972
DA:218,972
DA:219,972
DA:220,972
DA:221,972
DA:223,972
DA:224,972
DA:225,162
DA:226,162
DA:227,27
DA:228,27
DA:230,27
DA:231,27
DA:232,27
DA:233,27
DA:235,27
DA:237,27
DA:238,27
DA:239,27
DA:240,27
DA:242,27
LF:200
LH:173
BRDA:5,0,0,27
BRDA:24,1,0,24
BRDA:24,2,0,3
BRDA:153,3,0,24
BRDA:153,4,0,3
BRDA:165,5,0,3
BRDA:169,6,0,1
BRDA:169,7,0,2
BRDA:182,8,0,25
BRDA:184,9,0,24
BRDA:185,10,0,1
BRDA:197,11,0,0
BRDA:13,12,0,27
BRDA:16,13,0,3
BRDA:27,14,0,1
BRDA:39,15,0,1
BRDA:53,16,0,11
BRDA:54,17,0,2
BRDA:56,18,0,9
BRDA:58,19,0,0
BRDA:60,20,0,9
BRDA:63,21,0,0
BRDA:92,22,0,2
BRDA:100,23,0,972
BRDA:100,24,0,11
BRDA:104,25,0,972
BRDA:108,26,0,972
BRDA:109,27,0,959
BRDA:109,28,0,13
BRDA:115,29,0,10
BRDA:115,30,0,3
BRDA:116,31,0,13
BRDA:116,32,0,0
BRDA:122,33,0,27
BRDA:123,34,0,0
BRDA:125,35,0,24
BRDA:125,36,0,3
BRDA:127,37,0,2
BRDA:127,38,0,1
BRDA:129,39,0,1
BRDA:129,40,0,0
BRDA:208,41,0,162
BRDA:210,42,0,972
BRDA:215,43,0,13
BRDA:215,44,0,959
BRDA:216,45,0,900
BRDA:216,46,0,887
BRDA:216,47,0,85
BRDA:221,48,0,959
BRF:49
BRH:43
end_of_record
TN:
SF:src/game.js
FN:4,createBoard
FN:9,placePiece
FN:18,detectLines
FN:92,graduateKittens
FN:106,boop
FN:197,checkWinCondition
FN:223,createGameState
FN:234,makeMove
FNF:8
FNH:8
FNDA:62,createBoard
FNDA:158,placePiece
FNDA:49,detectLines
FNDA:15,graduateKittens
FNDA:23,boop
FNDA:17,checkWinCondition
FNDA:14,createGameState
FNDA:14,makeMove
DA:1,1
DA:2,1
DA:4,1
DA:5,62
DA:6,62
DA:7,1
DA:9,1
DA:10,158
DA:11,1
DA:12,1
DA:13,157
DA:14,157
DA:15,157
DA:16,157
DA:18,1
DA:19,49
DA:21,49
DA:22,49
DA:23,294
DA:24,1176
DA:25,1176
DA:26,1176
DA:27,44
DA:28,1176
DA:29,24
DA:30,24
DA:31,24
DA:32,24
DA:33,24
DA:34,24
DA:35,1176
DA:36,294
DA:38,49
DA:39,49
DA:40,294
DA:41,1176
DA:42,1176
DA:43,1176
DA:44,10
DA:45,1176
DA:46,3
DA:47,3
DA:48,3
DA:49,3
DA:50,3
DA:51,3
DA:52,1176
DA:53,294
DA:55,49
DA:56,49
DA:57,196
DA:58,784
DA:59,784
DA:60,784
DA:61,16
DA:62,784
DA:63,5
DA:64,5
DA:65,5
DA:66,5
DA:67,5
DA:68,5
DA:69,784
DA:70,196
DA:72,49
DA:73,49
DA:74,196
DA:75,784
DA:76,784
DA:77,784
DA:78,7
DA:79,784
DA:80,3
DA:81,3
DA:82,3
DA:83,3
DA:84,3
DA:85,3
DA:86,784
DA:87,196
DA:89,49
DA:90,49
DA:92,1
DA:93,15
DA:94,15
DA:96,15
DA:97,15
DA:98,15
DA:99,45
DA:100,15
DA:101,15
DA:103,15
DA:104,15
DA:106,1
DA:107,23
DA:109,23
DA:110,23
DA:111,1
DA:112,1
DA:114,22
DA:116,23
DA:117,1
DA:118,1
DA:120,21
DA:121,21
DA:122,21
DA:123,21
DA:124,21
DA:125,21
DA:126,21
DA:127,21
DA:128,21
DA:129,21
DA:131,21
DA:132,168
DA:133,168
DA:135,168
DA:136,168
DA:137,168
DA:138,168
DA:139,168
DA:140,110
DA:141,168
DA:142,22
DA:144,22
DA:145,22
DA:146,22
DA:148,22
DA:149,22
DA:150,1
DA:151,1
DA:152,22
DA:153,9
DA:154,9
DA:156,12
DA:157,12
DA:158,12
DA:159,12
DA:160,12
DA:161,22
DA:162,22
DA:163,22
DA:164,9
DA:165,22
DA:166,6
DA:167,6
DA:168,6
DA:169,6
DA:171,6
DA:172,6
DA:174,6
DA:175,6
DA:176,6
DA:177,22
DA:178,22
DA:179,3
DA:180,22
DA:181,3
DA:182,3
DA:183,3
DA:185,3
DA:186,3
DA:187,3
DA:188,3
DA:189,3
DA:190,22
DA:191,22
DA:192,21
DA:194,21
DA:195,21
DA:197,1
DA:198,17
DA:200,17
DA:201,17
DA:202,17
DA:203,5
DA:204,5
DA:206,12
DA:207,12
DA:208,17
DA:209,72
DA:210,432
DA:211,9
DA:212,9
DA:213,432
DA:214,72
DA:216,17
DA:217,0
DA:218,0
DA:220,12
DA:221,12
DA:223,1
DA:224,14
DA:225,14
DA:226,14
DA:227,14
DA:228,14
DA:229,14
DA:230,14
DA:231,14
DA:232,1
DA:234,1
DA:235,14
DA:236,14
DA:237,3
DA:238,3
DA:240,11
DA:241,14
DA:242,1
DA:243,1
DA:245,10
DA:246,10
DA:247,10
DA:249,10
DA:250,14
DA:251,1
DA:252,1
DA:253,14
DA:254,1
DA:255,1
DA:257,8
DA:258,8
DA:259,8
DA:260,8
DA:261,8
DA:262,16
DA:263,8
DA:264,8
DA:265,8
DA:266,8
DA:267,8
DA:268,8
DA:269,8
DA:270,8
DA:271,8
DA:273,8
DA:274,8
DA:276,8
DA:277,8
DA:278,8
DA:279,14
DA:280,3
DA:281,3
DA:282,3
DA:283,3
DA:284,3
DA:285,3
DA:286,3
DA:288,8
DA:289,8
DA:290,14
DA:291,0
DA:292,0
DA:293,0
DA:295,8
DA:296,8
DA:298,8
DA:299,8
LF:258
LH:253
BRDA:4,0,0,62
BRDA:7,1,0,372
BRDA:9,2,0,158
BRDA:10,3,0,1
BRDA:12,4,0,157
BRDA:13,5,0,942
BRDA:18,6,0,49
BRDA:22,7,0,294
BRDA:23,8,0,1176
BRDA:25,9,0,106
BRDA:26,10,0,44
BRDA:28,11,0,24
BRDA:39,12,0,294
BRDA:40,13,0,1176
BRDA:42,14,0,107
BRDA:43,15,0,10
BRDA:45,16,0,3
BRDA:56,17,0,196
BRDA:57,18,0,784
BRDA:59,19,0,99
BRDA:60,20,0,16
BRDA:62,21,0,5
BRDA:73,22,0,196
BRDA:74,23,0,784
BRDA:76,24,0,47
BRDA:77,25,0,7
BRDA:79,26,0,3
BRDA:92,27,0,15
BRDA:94,28,0,90
BRDA:96,29,0,15
BRDA:98,30,0,45
BRDA:106,31,0,23
BRDA:110,32,0,22
BRDA:110,33,0,22
BRDA:110,34,0,22
BRDA:110,35,0,1
BRDA:112,36,0,22
BRDA:116,37,0,1
BRDA:118,38,0,21
BRDA:107,39,0,138
BRDA:131,40,0,168
BRDA:136,41,0,135
BRDA:137,42,0,135
BRDA:138,43,0,110
BRDA:139,44,0,110
BRDA:141,45,0,22
BRDA:149,46,0,13
BRDA:149,47,0,1
BRDA:151,48,0,21
BRDA:152,49,0,9
BRDA:154,50,0,12
BRDA:160,51,0,9
BRDA:161,52,0,9
BRDA:162,53,0,9
BRDA:163,54,0,9
BRDA:165,55,0,6
BRDA:176,56,0,3
BRDA:177,57,0,3
BRDA:178,58,0,3
BRDA:180,59,0,3
BRDA:197,60,0,17
BRDA:202,61,0,5
BRDA:204,62,0,12
BRDA:208,63,0,72
BRDA:209,64,0,432
BRDA:210,65,0,9
BRDA:214,66,0,12
BRDA:216,67,0,0
BRDA:218,68,0,12
BRDA:223,69,0,14
BRDA:234,70,0,14
BRDA:236,71,0,3
BRDA:238,72,0,11
BRDA:241,73,0,2
BRDA:241,74,0,1
BRDA:243,75,0,10
BRDA:250,76,0,9
BRDA:250,77,0,1
BRDA:252,78,0,9
BRDA:253,79,0,1
BRDA:253,80,0,1
BRDA:255,81,0,8
BRDA:279,82,0,3
BRDA:286,83,0,8
BRDA:290,84,0,0
BRDA:293,85,0,8
BRDA:261,86,0,16
BRDA:262,87,0,8
BRDA:265,88,0,0
BRDA:266,89,0,0
BRF:90
BRH:86
end_of_record
