TN:
SF:src/app.jsx
FN:5,App
FN:13,getAvailablePieces
FN:108,renderPiece
FNF:3
FNH:3
FNDA:27,App
FNDA:27,getAvailablePieces
FNDA:972,renderPiece
DA:1,1
DA:2,1
DA:3,1
DA:5,1
DA:6,27
DA:7,27
DA:8,27
DA:10,27
DA:13,27
DA:14,27
DA:15,27
DA:16,27
DA:17,27
DA:18,27
DA:20,27
DA:23,27
DA:24,27
DA:27,27
DA:28,1
DA:29,27
DA:30,27
DA:31,0
DA:32,0
DA:33,27
DA:34,27
DA:35,27
DA:36,27
DA:37,27
DA:38,27
DA:39,27
DA:40,27
DA:41,27
DA:42,27
DA:43,27
DA:44,27
DA:45,27
DA:46,27
DA:47,27
DA:48,27
DA:49,27
DA:52,27
DA:53,27
DA:54,11
DA:55,2
DA:56,2
DA:57,9
DA:58,11
DA:59,0
DA:60,0
DA:61,9
DA:62,9
DA:63,11
DA:64,0
DA:65,0
DA:66,11
DA:67,27
DA:68,27
DA:69,27
DA:70,27
DA:71,0
DA:72,0
DA:73,0
DA:74,0
DA:75,0
DA:76,0
DA:77,0
DA:78,0
DA:79,0
DA:80,0
DA:81,0
DA:82,0
DA:83,0
DA:84,27
DA:85,27
DA:86,27
DA:87,0
DA:88,0
DA:89,27
DA:92,27
DA:93,2
DA:94,2
DA:95,2
DA:96,27
DA:99,27
DA:100,27
DA:101,27
DA:102,27
DA:103,27
DA:104,27
DA:105,27
DA:106,27
DA:108,27
DA:109,972
DA:111,13
DA:112,13
DA:114,13
DA:115,972
DA:116,972
DA:117,972
DA:119,972
DA:122,27
DA:123,27
DA:124,27
DA:125,27
DA:126,3
DA:127,27
DA:128,1
DA:129,27
DA:130,0
DA:131,27
DA:133,27
DA:134,27
DA:135,27
DA:136,27
DA:137,27
DA:138,27
DA:140,27
DA:141,27
DA:142,27
DA:143,27
DA:146,27
DA:147,27
DA:148,27
DA:149,27
DA:150,27
DA:151,27
DA:152,27
DA:153,27
DA:155,27
DA:156,27
DA:157,27
DA:158,27
DA:160,27
DA:161,27
DA:162,27
DA:165,27
DA:166,3
DA:167,3
DA:168,3
DA:169,3
DA:171,3
DA:172,3
DA:173,3
DA:174,3
DA:176,3
DA:177,3
DA:178,3
DA:179,27
DA:180,27
DA:182,27
DA:183,25
DA:184,25
DA:185,24
DA:186,25
DA:187,25
DA:188,27
DA:189,27
DA:191,27
DA:192,27
DA:193,27
DA:194,27
DA:195,27
DA:197,27
DA:198,0
DA:199,0
DA:200,0
DA:202,0
DA:203,0
DA:204,27
DA:205,27
DA:207,27
DA:208,27
DA:209,162
DA:210,162
DA:211,972
DA:212,972
DA:213,972
DA:214,972
DA:215,972
DA:216,972
DA:218,972
DA:219,972
DA:220,972
DA:221,972
DA:223,972
DA:224,972
DA:225,162
DA:226,162
DA:227,27
DA:228,27
DA:230,27
DA:231,27
DA:232,27
DA:233,27
DA:235,27
DA:237,27
DA:238,27
DA:239,27
DA:240,27
DA:242,27
LF:200
LH:173
BRDA:5,0,0,27
BRDA:24,1,0,24
BRDA:24,2,0,3
BRDA:153,3,0,24
BRDA:153,4,0,3
BRDA:165,5,0,3
BRDA:169,6,0,1
BRDA:169,7,0,2
BRDA:182,8,0,25
BRDA:184,9,0,24
BRDA:185,10,0,1
BRDA:197,11,0,0
BRDA:13,12,0,27
BRDA:16,13,0,3
BRDA:27,14,0,1
BRDA:39,15,0,1
BRDA:53,16,0,11
BRDA:54,17,0,2
BRDA:56,18,0,9
BRDA:58,19,0,0
BRDA:60,20,0,9
BRDA:63,21,0,0
BRDA:92,22,0,2
BRDA:100,23,0,972
BRDA:100,24,0,11
BRDA:104,25,0,972
BRDA:108,26,0,972
BRDA:109,27,0,959
BRDA:109,28,0,13
BRDA:115,29,0,10
BRDA:115,30,0,3
BRDA:116,31,0,13
BRDA:116,32,0,0
BRDA:122,33,0,27
BRDA:123,34,0,0
BRDA:125,35,0,24
BRDA:125,36,0,3
BRDA:127,37,0,2
BRDA:127,38,0,1
BRDA:129,39,0,1
BRDA:129,40,0,0
BRDA:208,41,0,162
BRDA:210,42,0,972
BRDA:215,43,0,13
BRDA:215,44,0,959
BRDA:216,45,0,900
BRDA:216,46,0,887
BRDA:216,47,0,85
BRDA:221,48,0,959
BRF:49
BRH:43
end_of_record
TN:
SF:src/game.js
FN:4,createBoard
FN:9,placePiece
FN:18,detectLines
FN:92,graduateKittens
FN:111,boop
FN:202,checkWinCondition
FN:228,createGameState
FN:239,makeMove
FNF:8
FNH:8
FNDA:63,createBoard
FNDA:164,placePiece
FNDA:50,detectLines
FNDA:16,graduateKittens
FNDA:24,boop
FNDA:17,checkWinCondition
FNDA:14,createGameState
FNDA:14,makeMove
DA:1,1
DA:2,1
DA:4,1
DA:5,63
DA:6,63
DA:7,1
DA:9,1
DA:10,164
DA:11,1
DA:12,1
DA:13,163
DA:14,163
DA:15,163
DA:16,163
DA:18,1
DA:19,50
DA:21,50
DA:22,50
DA:23,300
DA:24,1200
DA:25,1200
DA:26,1200
DA:27,47
DA:28,1200
DA:29,26
DA:30,26
DA:31,26
DA:32,26
DA:33,26
DA:34,26
DA:35,1200
DA:36,300
DA:38,50
DA:39,50
DA:40,300
DA:41,1200
DA:42,1200
DA:43,1200
DA:44,12
DA:45,1200
DA:46,4
DA:47,4
DA:48,4
DA:49,4
DA:50,4
DA:51,4
DA:52,1200
DA:53,300
DA:55,50
DA:56,50
DA:57,200
DA:58,800
DA:59,800
DA:60,800
DA:61,18
DA:62,800
DA:63,5
DA:64,5
DA:65,5
DA:66,5
DA:67,5
DA:68,5
DA:69,800
DA:70,200
DA:72,50
DA:73,50
DA:74,200
DA:75,800
DA:76,800
DA:77,800
DA:78,8
DA:79,800
DA:80,3
DA:81,3
DA:82,3
DA:83,3
DA:84,3
DA:85,3
DA:86,800
DA:87,200
DA:89,50
DA:90,50
DA:92,1
DA:93,16
DA:94,16
DA:95,16
DA:97,16
DA:98,18
DA:99,54
DA:100,54
DA:101,51
DA:102,51
DA:103,51
DA:104,51
DA:105,18
DA:106,16
DA:108,16
DA:109,16
DA:111,1
DA:112,24
DA:114,24
DA:115,24
DA:116,1
DA:117,1
DA:119,23
DA:121,24
DA:122,1
DA:123,1
DA:125,22
DA:126,22
DA:127,22
DA:128,22
DA:129,22
DA:130,22
DA:131,22
DA:132,22
DA:133,22
DA:134,22
DA:136,22
DA:137,176
DA:138,176
DA:140,176
DA:141,176
DA:142,176
DA:143,176
DA:144,176
DA:145,118
DA:146,176
DA:147,23
DA:149,23
DA:150,23
DA:151,23
DA:153,23
DA:154,23
DA:155,1
DA:156,1
DA:157,23
DA:158,9
DA:159,9
DA:161,13
DA:162,13
DA:163,13
DA:164,13
DA:165,13
DA:166,23
DA:167,23
DA:168,23
DA:169,10
DA:170,23
DA:171,7
DA:172,7
DA:173,7
DA:174,7
DA:176,6
DA:177,6
DA:179,6
DA:180,6
DA:181,6
DA:182,23
DA:183,23
DA:184,3
DA:185,23
DA:186,3
DA:187,3
DA:188,3
DA:190,3
DA:191,3
DA:192,3
DA:193,3
DA:194,3
DA:195,23
DA:196,23
DA:197,22
DA:199,22
DA:200,22
DA:202,1
DA:203,17
DA:205,17
DA:206,17
DA:207,17
DA:208,5
DA:209,5
DA:211,12
DA:212,12
DA:213,17
DA:214,72
DA:215,432
DA:216,9
DA:217,9
DA:218,432
DA:219,72
DA:221,17
DA:222,0
DA:223,0
DA:225,12
DA:226,12
DA:228,1
DA:229,14
DA:230,14
DA:231,14
DA:232,14
DA:233,14
DA:234,14
DA:235,14
DA:236,14
DA:237,1
DA:239,1
DA:240,14
DA:241,14
DA:242,3
DA:243,3
DA:245,11
DA:246,14
DA:247,1
DA:248,1
DA:250,10
DA:251,10
DA:252,10
DA:254,10
DA:255,14
DA:256,1
DA:257,1
DA:258,14
DA:259,1
DA:260,1
DA:262,8
DA:263,8
DA:264,8
DA:265,8
DA:266,8
DA:267,16
DA:268,8
DA:269,8
DA:270,8
DA:271,8
DA:272,8
DA:273,8
DA:274,8
DA:275,8
DA:276,8
DA:278,8
DA:279,8
DA:281,8
DA:282,8
DA:283,8
DA:284,14
DA:285,3
DA:286,3
DA:287,3
DA:288,3
DA:289,3
DA:290,3
DA:291,3
DA:293,8
DA:294,8
DA:295,14
DA:296,0
DA:297,0
DA:298,0
DA:300,8
DA:301,8
DA:303,8
DA:304,8
LF:263
LH:258
BRDA:4,0,0,63
BRDA:7,1,0,378
BRDA:9,2,0,164
BRDA:10,3,0,1
BRDA:12,4,0,163
BRDA:13,5,0,978
BRDA:18,6,0,50
BRDA:22,7,0,300
BRDA:23,8,0,1200
BRDA:25,9,0,112
BRDA:26,10,0,47
BRDA:28,11,0,26
BRDA:39,12,0,300
BRDA:40,13,0,1200
BRDA:42,14,0,113
BRDA:43,15,0,12
BRDA:45,16,0,4
BRDA:56,17,0,200
BRDA:57,18,0,800
BRDA:59,19,0,105
BRDA:60,20,0,18
BRDA:62,21,0,5
BRDA:73,22,0,200
BRDA:74,23,0,800
BRDA:76,24,0,49
BRDA:77,25,0,8
BRDA:79,26,0,3
BRDA:92,27,0,16
BRDA:94,28,0,96
BRDA:97,29,0,18
BRDA:98,30,0,54
BRDA:100,31,0,51
BRDA:111,32,0,24
BRDA:115,33,0,23
BRDA:115,34,0,23
BRDA:115,35,0,23
BRDA:115,36,0,1
BRDA:117,37,0,23
BRDA:121,38,0,1
BRDA:123,39,0,22
BRDA:112,40,0,144
BRDA:136,41,0,176
BRDA:141,42,0,143
BRDA:142,43,0,143
BRDA:143,44,0,118
BRDA:144,45,0,118
BRDA:146,46,0,23
BRDA:154,47,0,14
BRDA:154,48,0,1
BRDA:156,49,0,22
BRDA:157,50,0,9
BRDA:159,51,0,13
BRDA:165,52,0,10
BRDA:166,53,0,10
BRDA:167,54,0,10
BRDA:168,55,0,10
BRDA:170,56,0,7
BRDA:174,57,0,6
BRDA:181,58,0,3
BRDA:182,59,0,3
BRDA:183,60,0,3
BRDA:185,61,0,3
BRDA:202,62,0,17
BRDA:207,63,0,5
BRDA:209,64,0,12
BRDA:213,65,0,72
BRDA:214,66,0,432
BRDA:215,67,0,9
BRDA:219,68,0,12
BRDA:221,69,0,0
BRDA:223,70,0,12
BRDA:228,71,0,14
BRDA:239,72,0,14
BRDA:241,73,0,3
BRDA:243,74,0,11
BRDA:246,75,0,2
BRDA:246,76,0,1
BRDA:248,77,0,10
BRDA:255,78,0,9
BRDA:255,79,0,1
BRDA:257,80,0,9
BRDA:258,81,0,1
BRDA:258,82,0,1
BRDA:260,83,0,8
BRDA:284,84,0,3
BRDA:291,85,0,8
BRDA:295,86,0,0
BRDA:298,87,0,8
BRDA:266,88,0,16
BRDA:267,89,0,8
BRDA:270,90,0,0
BRDA:271,91,0,0
BRF:92
BRH:88
end_of_record
